{"/Users/LazyLinh/WebstormProjects/project_team222/src/controller/InsightFacade.js":{"path":"/Users/LazyLinh/WebstormProjects/project_team222/src/controller/InsightFacade.js","statementMap":{"0":{"start":{"line":2,"column":0},"end":{"line":2,"column":62}},"1":{"start":{"line":3,"column":15},"end":{"line":3,"column":33}},"2":{"start":{"line":4,"column":25},"end":{"line":4,"column":52}},"3":{"start":{"line":5,"column":31},"end":{"line":5,"column":64}},"4":{"start":{"line":6,"column":28},"end":{"line":6,"column":58}},"5":{"start":{"line":7,"column":29},"end":{"line":7,"column":60}},"6":{"start":{"line":8,"column":24},"end":{"line":8,"column":50}},"7":{"start":{"line":9,"column":27},"end":{"line":9,"column":56}},"8":{"start":{"line":11,"column":21},"end":{"line":11,"column":23}},"9":{"start":{"line":12,"column":16},"end":{"line":12,"column":49}},"10":{"start":{"line":13,"column":16},"end":{"line":13,"column":49}},"11":{"start":{"line":14,"column":23},"end":{"line":14,"column":39}},"12":{"start":{"line":15,"column":23},"end":{"line":15,"column":44}},"13":{"start":{"line":16,"column":4},"end":{"line":16,"column":66}},"14":{"start":{"line":16,"column":31},"end":{"line":16,"column":64}},"15":{"start":{"line":17,"column":4},"end":{"line":17,"column":79}},"16":{"start":{"line":19,"column":4},"end":{"line":21,"column":5}},"17":{"start":{"line":20,"column":8},"end":{"line":20,"column":104}},"18":{"start":{"line":23,"column":4},"end":{"line":28,"column":5}},"19":{"start":{"line":24,"column":8},"end":{"line":24,"column":35}},"20":{"start":{"line":27,"column":8},"end":{"line":27,"column":33}},"21":{"start":{"line":29,"column":4},"end":{"line":40,"column":5}},"22":{"start":{"line":30,"column":18},"end":{"line":30,"column":20}},"23":{"start":{"line":31,"column":8},"end":{"line":38,"column":9}},"24":{"start":{"line":32,"column":12},"end":{"line":37,"column":13}},"25":{"start":{"line":33,"column":16},"end":{"line":33,"column":112}},"26":{"start":{"line":36,"column":16},"end":{"line":36,"column":45}},"27":{"start":{"line":39,"column":8},"end":{"line":39,"column":29}},"28":{"start":{"line":41,"column":4},"end":{"line":48,"column":5}},"29":{"start":{"line":42,"column":8},"end":{"line":47,"column":9}},"30":{"start":{"line":43,"column":12},"end":{"line":43,"column":102}},"31":{"start":{"line":46,"column":12},"end":{"line":46,"column":130}},"32":{"start":{"line":49,"column":4},"end":{"line":49,"column":22}},"33":{"start":{"line":52,"column":23},"end":{"line":52,"column":39}},"34":{"start":{"line":53,"column":16},"end":{"line":53,"column":18}},"35":{"start":{"line":54,"column":4},"end":{"line":66,"column":5}},"36":{"start":{"line":55,"column":8},"end":{"line":55,"column":89}},"37":{"start":{"line":58,"column":8},"end":{"line":65,"column":9}},"38":{"start":{"line":59,"column":12},"end":{"line":59,"column":70}},"39":{"start":{"line":60,"column":12},"end":{"line":60,"column":96}},"40":{"start":{"line":63,"column":12},"end":{"line":63,"column":93}},"41":{"start":{"line":64,"column":12},"end":{"line":64,"column":130}},"42":{"start":{"line":67,"column":4},"end":{"line":67,"column":22}},"43":{"start":{"line":71,"column":8},"end":{"line":73,"column":10}},"44":{"start":{"line":74,"column":8},"end":{"line":74,"column":58}},"45":{"start":{"line":77,"column":8},"end":{"line":79,"column":9}},"46":{"start":{"line":78,"column":12},"end":{"line":78,"column":48}},"47":{"start":{"line":80,"column":8},"end":{"line":80,"column":29}},"48":{"start":{"line":83,"column":26},"end":{"line":83,"column":66}},"49":{"start":{"line":84,"column":8},"end":{"line":86,"column":9}},"50":{"start":{"line":85,"column":12},"end":{"line":85,"column":47}},"51":{"start":{"line":87,"column":8},"end":{"line":91,"column":9}},"52":{"start":{"line":88,"column":12},"end":{"line":90,"column":13}},"53":{"start":{"line":89,"column":16},"end":{"line":89,"column":111}},"54":{"start":{"line":92,"column":8},"end":{"line":96,"column":11}},"55":{"start":{"line":93,"column":12},"end":{"line":93,"column":67}},"56":{"start":{"line":95,"column":12},"end":{"line":95,"column":74}},"57":{"start":{"line":99,"column":26},"end":{"line":99,"column":66}},"58":{"start":{"line":100,"column":8},"end":{"line":102,"column":9}},"59":{"start":{"line":101,"column":12},"end":{"line":101,"column":47}},"60":{"start":{"line":103,"column":22},"end":{"line":103,"column":80}},"61":{"start":{"line":104,"column":8},"end":{"line":115,"column":9}},"62":{"start":{"line":105,"column":26},"end":{"line":105,"column":60}},"63":{"start":{"line":106,"column":12},"end":{"line":106,"column":51}},"64":{"start":{"line":107,"column":12},"end":{"line":107,"column":58}},"65":{"start":{"line":108,"column":12},"end":{"line":108,"column":44}},"66":{"start":{"line":110,"column":13},"end":{"line":115,"column":9}},"67":{"start":{"line":111,"column":12},"end":{"line":111,"column":39}},"68":{"start":{"line":114,"column":12},"end":{"line":114,"column":94}},"69":{"start":{"line":118,"column":8},"end":{"line":163,"column":11}},"70":{"start":{"line":119,"column":12},"end":{"line":121,"column":13}},"71":{"start":{"line":120,"column":16},"end":{"line":120,"column":85}},"72":{"start":{"line":122,"column":12},"end":{"line":124,"column":13}},"73":{"start":{"line":123,"column":16},"end":{"line":123,"column":82}},"74":{"start":{"line":125,"column":30},"end":{"line":125,"column":68}},"75":{"start":{"line":126,"column":12},"end":{"line":128,"column":13}},"76":{"start":{"line":127,"column":16},"end":{"line":127,"column":82}},"77":{"start":{"line":129,"column":12},"end":{"line":129,"column":73}},"78":{"start":{"line":130,"column":12},"end":{"line":132,"column":13}},"79":{"start":{"line":131,"column":16},"end":{"line":131,"column":86}},"80":{"start":{"line":133,"column":26},"end":{"line":133,"column":88}},"81":{"start":{"line":134,"column":23},"end":{"line":134,"column":35}},"82":{"start":{"line":135,"column":23},"end":{"line":135,"column":76}},"83":{"start":{"line":136,"column":12},"end":{"line":138,"column":13}},"84":{"start":{"line":137,"column":16},"end":{"line":137,"column":82}},"85":{"start":{"line":139,"column":30},"end":{"line":139,"column":44}},"86":{"start":{"line":140,"column":31},"end":{"line":140,"column":47}},"87":{"start":{"line":141,"column":31},"end":{"line":142,"column":63}},"88":{"start":{"line":142,"column":30},"end":{"line":142,"column":62}},"89":{"start":{"line":143,"column":27},"end":{"line":143,"column":85}},"90":{"start":{"line":144,"column":12},"end":{"line":146,"column":13}},"91":{"start":{"line":145,"column":16},"end":{"line":145,"column":35}},"92":{"start":{"line":147,"column":31},"end":{"line":147,"column":33}},"93":{"start":{"line":148,"column":29},"end":{"line":148,"column":31}},"94":{"start":{"line":149,"column":12},"end":{"line":155,"column":13}},"95":{"start":{"line":150,"column":16},"end":{"line":152,"column":17}},"96":{"start":{"line":151,"column":20},"end":{"line":151,"column":78}},"97":{"start":{"line":153,"column":16},"end":{"line":153,"column":90}},"98":{"start":{"line":154,"column":16},"end":{"line":154,"column":43}},"99":{"start":{"line":156,"column":12},"end":{"line":162,"column":13}},"100":{"start":{"line":157,"column":16},"end":{"line":157,"column":77}},"101":{"start":{"line":158,"column":16},"end":{"line":160,"column":17}},"102":{"start":{"line":159,"column":20},"end":{"line":159,"column":78}},"103":{"start":{"line":161,"column":16},"end":{"line":161,"column":36}},"104":{"start":{"line":166,"column":8},"end":{"line":176,"column":11}},"105":{"start":{"line":167,"column":12},"end":{"line":167,"column":54}},"106":{"start":{"line":168,"column":25},"end":{"line":168,"column":27}},"107":{"start":{"line":169,"column":12},"end":{"line":174,"column":13}},"108":{"start":{"line":170,"column":29},"end":{"line":172,"column":17}},"109":{"start":{"line":173,"column":16},"end":{"line":173,"column":36}},"110":{"start":{"line":175,"column":12},"end":{"line":175,"column":28}},"111":{"start":{"line":179,"column":0},"end":{"line":179,"column":32}},"112":{"start":{"line":181,"column":20},"end":{"line":181,"column":91}},"113":{"start":{"line":182,"column":22},"end":{"line":182,"column":24}},"114":{"start":{"line":183,"column":4},"end":{"line":210,"column":5}},"115":{"start":{"line":184,"column":22},"end":{"line":184,"column":24}},"116":{"start":{"line":185,"column":8},"end":{"line":208,"column":9}},"117":{"start":{"line":186,"column":12},"end":{"line":207,"column":13}},"118":{"start":{"line":188,"column":20},"end":{"line":188,"column":91}},"119":{"start":{"line":189,"column":20},"end":{"line":189,"column":26}},"120":{"start":{"line":192,"column":20},"end":{"line":192,"column":91}},"121":{"start":{"line":193,"column":20},"end":{"line":193,"column":26}},"122":{"start":{"line":196,"column":20},"end":{"line":196,"column":91}},"123":{"start":{"line":197,"column":20},"end":{"line":197,"column":26}},"124":{"start":{"line":200,"column":20},"end":{"line":200,"column":93}},"125":{"start":{"line":201,"column":20},"end":{"line":201,"column":26}},"126":{"start":{"line":204,"column":20},"end":{"line":204,"column":91}},"127":{"start":{"line":205,"column":20},"end":{"line":205,"column":26}},"128":{"start":{"line":209,"column":8},"end":{"line":209,"column":39}},"129":{"start":{"line":211,"column":4},"end":{"line":211,"column":23}}},"fnMap":{"0":{"name":"withTrans","decl":{"start":{"line":10,"column":9},"end":{"line":10,"column":18}},"loc":{"start":{"line":10,"column":57},"end":{"line":50,"column":1}},"line":10},"1":{"name":"(anonymous_1)","decl":{"start":{"line":16,"column":22},"end":{"line":16,"column":23}},"loc":{"start":{"line":16,"column":31},"end":{"line":16,"column":64}},"line":16},"2":{"name":"withoutTrans","decl":{"start":{"line":51,"column":9},"end":{"line":51,"column":21}},"loc":{"start":{"line":51,"column":70},"end":{"line":68,"column":1}},"line":51},"3":{"name":"(anonymous_3)","decl":{"start":{"line":70,"column":4},"end":{"line":70,"column":5}},"loc":{"start":{"line":70,"column":18},"end":{"line":75,"column":5}},"line":70},"4":{"name":"(anonymous_4)","decl":{"start":{"line":76,"column":4},"end":{"line":76,"column":5}},"loc":{"start":{"line":76,"column":25},"end":{"line":81,"column":5}},"line":76},"5":{"name":"(anonymous_5)","decl":{"start":{"line":82,"column":4},"end":{"line":82,"column":5}},"loc":{"start":{"line":82,"column":34},"end":{"line":97,"column":5}},"line":82},"6":{"name":"(anonymous_6)","decl":{"start":{"line":92,"column":104},"end":{"line":92,"column":105}},"loc":{"start":{"line":92,"column":113},"end":{"line":94,"column":9}},"line":92},"7":{"name":"(anonymous_7)","decl":{"start":{"line":94,"column":17},"end":{"line":94,"column":18}},"loc":{"start":{"line":94,"column":26},"end":{"line":96,"column":9}},"line":94},"8":{"name":"(anonymous_8)","decl":{"start":{"line":98,"column":4},"end":{"line":98,"column":5}},"loc":{"start":{"line":98,"column":22},"end":{"line":116,"column":5}},"line":98},"9":{"name":"(anonymous_9)","decl":{"start":{"line":117,"column":4},"end":{"line":117,"column":5}},"loc":{"start":{"line":117,"column":24},"end":{"line":164,"column":5}},"line":117},"10":{"name":"(anonymous_10)","decl":{"start":{"line":118,"column":27},"end":{"line":118,"column":28}},"loc":{"start":{"line":118,"column":48},"end":{"line":163,"column":9}},"line":118},"11":{"name":"(anonymous_11)","decl":{"start":{"line":142,"column":21},"end":{"line":142,"column":22}},"loc":{"start":{"line":142,"column":30},"end":{"line":142,"column":62}},"line":142},"12":{"name":"(anonymous_12)","decl":{"start":{"line":165,"column":4},"end":{"line":165,"column":5}},"loc":{"start":{"line":165,"column":19},"end":{"line":177,"column":5}},"line":165},"13":{"name":"(anonymous_13)","decl":{"start":{"line":166,"column":27},"end":{"line":166,"column":28}},"loc":{"start":{"line":166,"column":48},"end":{"line":176,"column":9}},"line":166},"14":{"name":"makeApplyResult","decl":{"start":{"line":180,"column":9},"end":{"line":180,"column":24}},"loc":{"start":{"line":180,"column":84},"end":{"line":212,"column":1}},"line":180}},"branchMap":{"0":{"loc":{"start":{"line":19,"column":4},"end":{"line":21,"column":5}},"type":"if","locations":[{"start":{"line":19,"column":4},"end":{"line":21,"column":5}},{"start":{"line":19,"column":4},"end":{"line":21,"column":5}}],"line":19},"1":{"loc":{"start":{"line":23,"column":4},"end":{"line":28,"column":5}},"type":"if","locations":[{"start":{"line":23,"column":4},"end":{"line":28,"column":5}},{"start":{"line":23,"column":4},"end":{"line":28,"column":5}}],"line":23},"2":{"loc":{"start":{"line":32,"column":12},"end":{"line":37,"column":13}},"type":"if","locations":[{"start":{"line":32,"column":12},"end":{"line":37,"column":13}},{"start":{"line":32,"column":12},"end":{"line":37,"column":13}}],"line":32},"3":{"loc":{"start":{"line":41,"column":4},"end":{"line":48,"column":5}},"type":"if","locations":[{"start":{"line":41,"column":4},"end":{"line":48,"column":5}},{"start":{"line":41,"column":4},"end":{"line":48,"column":5}}],"line":41},"4":{"loc":{"start":{"line":42,"column":8},"end":{"line":47,"column":9}},"type":"if","locations":[{"start":{"line":42,"column":8},"end":{"line":47,"column":9}},{"start":{"line":42,"column":8},"end":{"line":47,"column":9}}],"line":42},"5":{"loc":{"start":{"line":54,"column":4},"end":{"line":66,"column":5}},"type":"if","locations":[{"start":{"line":54,"column":4},"end":{"line":66,"column":5}},{"start":{"line":54,"column":4},"end":{"line":66,"column":5}}],"line":54},"6":{"loc":{"start":{"line":58,"column":8},"end":{"line":65,"column":9}},"type":"if","locations":[{"start":{"line":58,"column":8},"end":{"line":65,"column":9}},{"start":{"line":58,"column":8},"end":{"line":65,"column":9}}],"line":58},"7":{"loc":{"start":{"line":77,"column":8},"end":{"line":79,"column":9}},"type":"if","locations":[{"start":{"line":77,"column":8},"end":{"line":79,"column":9}},{"start":{"line":77,"column":8},"end":{"line":79,"column":9}}],"line":77},"8":{"loc":{"start":{"line":84,"column":8},"end":{"line":86,"column":9}},"type":"if","locations":[{"start":{"line":84,"column":8},"end":{"line":86,"column":9}},{"start":{"line":84,"column":8},"end":{"line":86,"column":9}}],"line":84},"9":{"loc":{"start":{"line":88,"column":12},"end":{"line":90,"column":13}},"type":"if","locations":[{"start":{"line":88,"column":12},"end":{"line":90,"column":13}},{"start":{"line":88,"column":12},"end":{"line":90,"column":13}}],"line":88},"10":{"loc":{"start":{"line":100,"column":8},"end":{"line":102,"column":9}},"type":"if","locations":[{"start":{"line":100,"column":8},"end":{"line":102,"column":9}},{"start":{"line":100,"column":8},"end":{"line":102,"column":9}}],"line":100},"11":{"loc":{"start":{"line":104,"column":8},"end":{"line":115,"column":9}},"type":"if","locations":[{"start":{"line":104,"column":8},"end":{"line":115,"column":9}},{"start":{"line":104,"column":8},"end":{"line":115,"column":9}}],"line":104},"12":{"loc":{"start":{"line":110,"column":13},"end":{"line":115,"column":9}},"type":"if","locations":[{"start":{"line":110,"column":13},"end":{"line":115,"column":9}},{"start":{"line":110,"column":13},"end":{"line":115,"column":9}}],"line":110},"13":{"loc":{"start":{"line":119,"column":12},"end":{"line":121,"column":13}},"type":"if","locations":[{"start":{"line":119,"column":12},"end":{"line":121,"column":13}},{"start":{"line":119,"column":12},"end":{"line":121,"column":13}}],"line":119},"14":{"loc":{"start":{"line":122,"column":12},"end":{"line":124,"column":13}},"type":"if","locations":[{"start":{"line":122,"column":12},"end":{"line":124,"column":13}},{"start":{"line":122,"column":12},"end":{"line":124,"column":13}}],"line":122},"15":{"loc":{"start":{"line":122,"column":16},"end":{"line":122,"column":59}},"type":"binary-expr","locations":[{"start":{"line":122,"column":16},"end":{"line":122,"column":30}},{"start":{"line":122,"column":34},"end":{"line":122,"column":59}}],"line":122},"16":{"loc":{"start":{"line":126,"column":12},"end":{"line":128,"column":13}},"type":"if","locations":[{"start":{"line":126,"column":12},"end":{"line":128,"column":13}},{"start":{"line":126,"column":12},"end":{"line":128,"column":13}}],"line":126},"17":{"loc":{"start":{"line":130,"column":12},"end":{"line":132,"column":13}},"type":"if","locations":[{"start":{"line":130,"column":12},"end":{"line":132,"column":13}},{"start":{"line":130,"column":12},"end":{"line":132,"column":13}}],"line":130},"18":{"loc":{"start":{"line":136,"column":12},"end":{"line":138,"column":13}},"type":"if","locations":[{"start":{"line":136,"column":12},"end":{"line":138,"column":13}},{"start":{"line":136,"column":12},"end":{"line":138,"column":13}}],"line":136},"19":{"loc":{"start":{"line":144,"column":12},"end":{"line":146,"column":13}},"type":"if","locations":[{"start":{"line":144,"column":12},"end":{"line":146,"column":13}},{"start":{"line":144,"column":12},"end":{"line":146,"column":13}}],"line":144},"20":{"loc":{"start":{"line":149,"column":12},"end":{"line":155,"column":13}},"type":"if","locations":[{"start":{"line":149,"column":12},"end":{"line":155,"column":13}},{"start":{"line":149,"column":12},"end":{"line":155,"column":13}}],"line":149},"21":{"loc":{"start":{"line":150,"column":16},"end":{"line":152,"column":17}},"type":"if","locations":[{"start":{"line":150,"column":16},"end":{"line":152,"column":17}},{"start":{"line":150,"column":16},"end":{"line":152,"column":17}}],"line":150},"22":{"loc":{"start":{"line":156,"column":12},"end":{"line":162,"column":13}},"type":"if","locations":[{"start":{"line":156,"column":12},"end":{"line":162,"column":13}},{"start":{"line":156,"column":12},"end":{"line":162,"column":13}}],"line":156},"23":{"loc":{"start":{"line":158,"column":16},"end":{"line":160,"column":17}},"type":"if","locations":[{"start":{"line":158,"column":16},"end":{"line":160,"column":17}},{"start":{"line":158,"column":16},"end":{"line":160,"column":17}}],"line":158},"24":{"loc":{"start":{"line":186,"column":12},"end":{"line":207,"column":13}},"type":"switch","locations":[{"start":{"line":187,"column":16},"end":{"line":190,"column":17}},{"start":{"line":191,"column":16},"end":{"line":194,"column":17}},{"start":{"line":195,"column":16},"end":{"line":198,"column":17}},{"start":{"line":199,"column":16},"end":{"line":202,"column":17}},{"start":{"line":203,"column":16},"end":{"line":206,"column":17}}],"line":186}},"s":{"0":1,"1":1,"2":1,"3":1,"4":1,"5":1,"6":1,"7":1,"8":20,"9":20,"10":20,"11":20,"12":20,"13":20,"14":28,"15":20,"16":20,"17":16,"18":20,"19":16,"20":4,"21":20,"22":20,"23":20,"24":43,"25":26,"26":17,"27":20,"28":20,"29":8,"30":3,"31":5,"32":20,"33":34,"34":34,"35":34,"36":4,"37":30,"38":29,"39":29,"40":1,"41":1,"42":34,"43":91,"44":91,"45":5,"46":1,"47":5,"48":72,"49":72,"50":11,"51":61,"52":9,"53":3,"54":58,"55":44,"56":12,"57":21,"58":21,"59":10,"60":11,"61":11,"62":8,"63":8,"64":8,"65":8,"66":3,"67":0,"68":3,"69":133,"70":133,"71":0,"72":133,"73":2,"74":131,"75":131,"76":24,"77":107,"78":107,"79":6,"80":101,"81":101,"82":101,"83":101,"84":45,"85":56,"86":56,"87":56,"88":188,"89":56,"90":56,"91":0,"92":56,"93":56,"94":56,"95":36,"96":2,"97":34,"98":34,"99":20,"100":20,"101":20,"102":0,"103":20,"104":11,"105":11,"106":11,"107":11,"108":8,"109":8,"110":11,"111":1,"112":16,"113":16,"114":16,"115":17,"116":17,"117":17,"118":3,"119":3,"120":4,"121":4,"122":7,"123":7,"124":1,"125":1,"126":2,"127":2,"128":17,"129":16},"f":{"0":20,"1":28,"2":34,"3":91,"4":5,"5":72,"6":44,"7":12,"8":21,"9":133,"10":133,"11":188,"12":11,"13":11,"14":16},"b":{"0":[16,4],"1":[16,4],"2":[26,17],"3":[8,12],"4":[3,5],"5":[4,30],"6":[29,1],"7":[1,4],"8":[11,61],"9":[3,6],"10":[10,11],"11":[8,3],"12":[0,3],"13":[0,133],"14":[2,131],"15":[133,132],"16":[24,107],"17":[6,101],"18":[45,56],"19":[0,56],"20":[36,20],"21":[2,34],"22":[20,0],"23":[0,20],"24":[3,4,7,1,2]},"_coverageSchema":"332fd63041d2c1bcb487cc26dd0d5f7d97098a6c","hash":"21fcf1746994e53a7f8c56b8ccad7aa0429f47de","contentHash":"86c05453973e73b9849c5051beaef901_11.3.0"},"/Users/LazyLinh/WebstormProjects/project_team222/src/Util.js":{"path":"/Users/LazyLinh/WebstormProjects/project_team222/src/Util.js","statementMap":{"0":{"start":{"line":2,"column":0},"end":{"line":2,"column":62}},"1":{"start":{"line":5,"column":8},"end":{"line":5,"column":67}},"2":{"start":{"line":8,"column":8},"end":{"line":8,"column":68}},"3":{"start":{"line":11,"column":8},"end":{"line":11,"column":68}},"4":{"start":{"line":14,"column":8},"end":{"line":14,"column":69}},"5":{"start":{"line":17,"column":8},"end":{"line":17,"column":67}},"6":{"start":{"line":20,"column":0},"end":{"line":20,"column":22}}},"fnMap":{"0":{"name":"(anonymous_0)","decl":{"start":{"line":4,"column":4},"end":{"line":4,"column":5}},"loc":{"start":{"line":4,"column":25},"end":{"line":6,"column":5}},"line":4},"1":{"name":"(anonymous_1)","decl":{"start":{"line":7,"column":4},"end":{"line":7,"column":5}},"loc":{"start":{"line":7,"column":24},"end":{"line":9,"column":5}},"line":7},"2":{"name":"(anonymous_2)","decl":{"start":{"line":10,"column":4},"end":{"line":10,"column":5}},"loc":{"start":{"line":10,"column":24},"end":{"line":12,"column":5}},"line":10},"3":{"name":"(anonymous_3)","decl":{"start":{"line":13,"column":4},"end":{"line":13,"column":5}},"loc":{"start":{"line":13,"column":25},"end":{"line":15,"column":5}},"line":13},"4":{"name":"(anonymous_4)","decl":{"start":{"line":16,"column":4},"end":{"line":16,"column":5}},"loc":{"start":{"line":16,"column":24},"end":{"line":18,"column":5}},"line":16}},"branchMap":{},"s":{"0":1,"1":96,"2":8,"3":0,"4":1,"5":202,"6":1},"f":{"0":96,"1":8,"2":0,"3":1,"4":202},"b":{},"_coverageSchema":"332fd63041d2c1bcb487cc26dd0d5f7d97098a6c","hash":"acee5b00ce7edad40af8bb4e8076da89ff7f588d","contentHash":"e46cb923daefc7a22e076434ac6e82b2_11.3.0"},"/Users/LazyLinh/WebstormProjects/project_team222/src/controller/IInsightFacade.js":{"path":"/Users/LazyLinh/WebstormProjects/project_team222/src/controller/IInsightFacade.js","statementMap":{"0":{"start":{"line":2,"column":0},"end":{"line":2,"column":62}},"1":{"start":{"line":4,"column":0},"end":{"line":7,"column":89}},"2":{"start":{"line":5,"column":4},"end":{"line":5,"column":46}},"3":{"start":{"line":6,"column":4},"end":{"line":6,"column":42}},"4":{"start":{"line":10,"column":8},"end":{"line":10,"column":23}},"5":{"start":{"line":11,"column":8},"end":{"line":11,"column":52}},"6":{"start":{"line":14,"column":0},"end":{"line":14,"column":36}},"7":{"start":{"line":17,"column":8},"end":{"line":17,"column":23}},"8":{"start":{"line":18,"column":8},"end":{"line":18,"column":53}},"9":{"start":{"line":21,"column":0},"end":{"line":21,"column":38}},"10":{"start":{"line":24,"column":8},"end":{"line":24,"column":23}},"11":{"start":{"line":25,"column":8},"end":{"line":25,"column":59}},"12":{"start":{"line":28,"column":0},"end":{"line":28,"column":50}}},"fnMap":{"0":{"name":"(anonymous_0)","decl":{"start":{"line":4,"column":1},"end":{"line":4,"column":2}},"loc":{"start":{"line":4,"column":31},"end":{"line":7,"column":1}},"line":4},"1":{"name":"(anonymous_1)","decl":{"start":{"line":9,"column":4},"end":{"line":9,"column":5}},"loc":{"start":{"line":9,"column":25},"end":{"line":12,"column":5}},"line":9},"2":{"name":"(anonymous_2)","decl":{"start":{"line":16,"column":4},"end":{"line":16,"column":5}},"loc":{"start":{"line":16,"column":25},"end":{"line":19,"column":5}},"line":16},"3":{"name":"(anonymous_3)","decl":{"start":{"line":23,"column":4},"end":{"line":23,"column":5}},"loc":{"start":{"line":23,"column":25},"end":{"line":26,"column":5}},"line":23}},"branchMap":{"0":{"loc":{"start":{"line":7,"column":24},"end":{"line":7,"column":87}},"type":"binary-expr","locations":[{"start":{"line":7,"column":24},"end":{"line":7,"column":50}},{"start":{"line":7,"column":55},"end":{"line":7,"column":86}}],"line":7}},"s":{"0":1,"1":1,"2":1,"3":1,"4":131,"5":131,"6":1,"7":3,"8":3,"9":1,"10":2,"11":2,"12":1},"f":{"0":1,"1":131,"2":3,"3":2},"b":{"0":[1,1]},"_coverageSchema":"332fd63041d2c1bcb487cc26dd0d5f7d97098a6c","hash":"4b9c431850e3824b251781fee0fad77ccd33fca6","contentHash":"e68661bf7cc77731b2e8ab92f9f51597_11.3.0"},"/Users/LazyLinh/WebstormProjects/project_team222/src/controller/FormatTransformation.js":{"path":"/Users/LazyLinh/WebstormProjects/project_team222/src/controller/FormatTransformation.js","statementMap":{"0":{"start":{"line":2,"column":0},"end":{"line":2,"column":62}},"1":{"start":{"line":3,"column":25},"end":{"line":3,"column":52}},"2":{"start":{"line":4,"column":21},"end":{"line":4,"column":42}},"3":{"start":{"line":6,"column":24},"end":{"line":6,"column":26}},"4":{"start":{"line":7,"column":17},"end":{"line":7,"column":19}},"5":{"start":{"line":9,"column":4},"end":{"line":14,"column":5}},"6":{"start":{"line":10,"column":8},"end":{"line":10,"column":35}},"7":{"start":{"line":13,"column":8},"end":{"line":13,"column":33}},"8":{"start":{"line":15,"column":4},"end":{"line":52,"column":5}},"9":{"start":{"line":16,"column":8},"end":{"line":24,"column":9}},"10":{"start":{"line":17,"column":28},"end":{"line":17,"column":30}},"11":{"start":{"line":18,"column":12},"end":{"line":20,"column":13}},"12":{"start":{"line":19,"column":16},"end":{"line":19,"column":59}},"13":{"start":{"line":21,"column":12},"end":{"line":21,"column":35}},"14":{"start":{"line":22,"column":12},"end":{"line":22,"column":46}},"15":{"start":{"line":23,"column":12},"end":{"line":23,"column":18}},"16":{"start":{"line":25,"column":21},"end":{"line":25,"column":22}},"17":{"start":{"line":26,"column":25},"end":{"line":26,"column":30}},"18":{"start":{"line":27,"column":8},"end":{"line":43,"column":9}},"19":{"start":{"line":28,"column":27},"end":{"line":28,"column":28}},"20":{"start":{"line":29,"column":26},"end":{"line":29,"column":30}},"21":{"start":{"line":30,"column":12},"end":{"line":36,"column":13}},"22":{"start":{"line":31,"column":16},"end":{"line":34,"column":17}},"23":{"start":{"line":32,"column":20},"end":{"line":32,"column":36}},"24":{"start":{"line":33,"column":20},"end":{"line":33,"column":26}},"25":{"start":{"line":35,"column":16},"end":{"line":35,"column":27}},"26":{"start":{"line":37,"column":12},"end":{"line":41,"column":13}},"27":{"start":{"line":38,"column":16},"end":{"line":38,"column":34}},"28":{"start":{"line":39,"column":16},"end":{"line":39,"column":56}},"29":{"start":{"line":40,"column":16},"end":{"line":40,"column":22}},"30":{"start":{"line":42,"column":12},"end":{"line":42,"column":21}},"31":{"start":{"line":44,"column":8},"end":{"line":51,"column":9}},"32":{"start":{"line":45,"column":28},"end":{"line":45,"column":30}},"33":{"start":{"line":46,"column":12},"end":{"line":48,"column":13}},"34":{"start":{"line":47,"column":16},"end":{"line":47,"column":59}},"35":{"start":{"line":49,"column":12},"end":{"line":49,"column":35}},"36":{"start":{"line":50,"column":12},"end":{"line":50,"column":46}},"37":{"start":{"line":53,"column":4},"end":{"line":53,"column":25}},"38":{"start":{"line":55,"column":0},"end":{"line":55,"column":36}},"39":{"start":{"line":57,"column":17},"end":{"line":57,"column":19}},"40":{"start":{"line":58,"column":4},"end":{"line":71,"column":5}},"41":{"start":{"line":59,"column":8},"end":{"line":70,"column":9}},"42":{"start":{"line":60,"column":12},"end":{"line":62,"column":13}},"43":{"start":{"line":61,"column":16},"end":{"line":61,"column":22}},"44":{"start":{"line":63,"column":26},"end":{"line":63,"column":28}},"45":{"start":{"line":64,"column":12},"end":{"line":64,"column":33}},"46":{"start":{"line":65,"column":12},"end":{"line":68,"column":13}},"47":{"start":{"line":66,"column":16},"end":{"line":66,"column":36}},"48":{"start":{"line":67,"column":16},"end":{"line":67,"column":60}},"49":{"start":{"line":69,"column":12},"end":{"line":69,"column":33}},"50":{"start":{"line":72,"column":4},"end":{"line":72,"column":18}},"51":{"start":{"line":74,"column":0},"end":{"line":74,"column":36}},"52":{"start":{"line":76,"column":14},"end":{"line":76,"column":15}},"53":{"start":{"line":78,"column":4},"end":{"line":83,"column":5}},"54":{"start":{"line":79,"column":8},"end":{"line":79,"column":35}},"55":{"start":{"line":82,"column":8},"end":{"line":82,"column":33}},"56":{"start":{"line":84,"column":4},"end":{"line":88,"column":5}},"57":{"start":{"line":85,"column":8},"end":{"line":87,"column":9}},"58":{"start":{"line":86,"column":12},"end":{"line":86,"column":39}},"59":{"start":{"line":89,"column":4},"end":{"line":89,"column":15}},"60":{"start":{"line":91,"column":0},"end":{"line":91,"column":28}},"61":{"start":{"line":93,"column":14},"end":{"line":93,"column":30}},"62":{"start":{"line":95,"column":4},"end":{"line":100,"column":5}},"63":{"start":{"line":96,"column":8},"end":{"line":96,"column":35}},"64":{"start":{"line":99,"column":8},"end":{"line":99,"column":33}},"65":{"start":{"line":101,"column":4},"end":{"line":105,"column":5}},"66":{"start":{"line":102,"column":8},"end":{"line":104,"column":9}},"67":{"start":{"line":103,"column":12},"end":{"line":103,"column":39}},"68":{"start":{"line":106,"column":4},"end":{"line":106,"column":15}},"69":{"start":{"line":108,"column":0},"end":{"line":108,"column":28}},"70":{"start":{"line":110,"column":14},"end":{"line":110,"column":15}},"71":{"start":{"line":112,"column":4},"end":{"line":117,"column":5}},"72":{"start":{"line":113,"column":8},"end":{"line":113,"column":35}},"73":{"start":{"line":116,"column":8},"end":{"line":116,"column":33}},"74":{"start":{"line":118,"column":4},"end":{"line":120,"column":5}},"75":{"start":{"line":119,"column":8},"end":{"line":119,"column":36}},"76":{"start":{"line":121,"column":4},"end":{"line":121,"column":34}},"77":{"start":{"line":123,"column":0},"end":{"line":123,"column":28}},"78":{"start":{"line":125,"column":14},"end":{"line":125,"column":41}},"79":{"start":{"line":127,"column":4},"end":{"line":132,"column":5}},"80":{"start":{"line":128,"column":8},"end":{"line":128,"column":35}},"81":{"start":{"line":131,"column":8},"end":{"line":131,"column":33}},"82":{"start":{"line":133,"column":4},"end":{"line":135,"column":5}},"83":{"start":{"line":134,"column":8},"end":{"line":134,"column":70}},"84":{"start":{"line":136,"column":14},"end":{"line":136,"column":48}},"85":{"start":{"line":137,"column":4},"end":{"line":137,"column":34}},"86":{"start":{"line":139,"column":0},"end":{"line":139,"column":28}},"87":{"start":{"line":141,"column":18},"end":{"line":141,"column":20}},"88":{"start":{"line":142,"column":16},"end":{"line":142,"column":17}},"89":{"start":{"line":144,"column":4},"end":{"line":149,"column":5}},"90":{"start":{"line":145,"column":8},"end":{"line":145,"column":35}},"91":{"start":{"line":148,"column":8},"end":{"line":148,"column":33}},"92":{"start":{"line":150,"column":4},"end":{"line":155,"column":5}},"93":{"start":{"line":151,"column":8},"end":{"line":154,"column":9}},"94":{"start":{"line":152,"column":12},"end":{"line":152,"column":20}},"95":{"start":{"line":153,"column":12},"end":{"line":153,"column":47}},"96":{"start":{"line":156,"column":4},"end":{"line":156,"column":17}},"97":{"start":{"line":158,"column":0},"end":{"line":158,"column":32}}},"fnMap":{"0":{"name":"groupResults","decl":{"start":{"line":5,"column":9},"end":{"line":5,"column":21}},"loc":{"start":{"line":5,"column":46},"end":{"line":54,"column":1}},"line":5},"1":{"name":"getApplyList","decl":{"start":{"line":56,"column":9},"end":{"line":56,"column":21}},"loc":{"start":{"line":56,"column":51},"end":{"line":73,"column":1}},"line":56},"2":{"name":"applyMax","decl":{"start":{"line":75,"column":9},"end":{"line":75,"column":17}},"loc":{"start":{"line":75,"column":44},"end":{"line":90,"column":1}},"line":75},"3":{"name":"applyMin","decl":{"start":{"line":92,"column":9},"end":{"line":92,"column":17}},"loc":{"start":{"line":92,"column":44},"end":{"line":107,"column":1}},"line":92},"4":{"name":"applySum","decl":{"start":{"line":109,"column":9},"end":{"line":109,"column":17}},"loc":{"start":{"line":109,"column":44},"end":{"line":122,"column":1}},"line":109},"5":{"name":"applyAvg","decl":{"start":{"line":124,"column":9},"end":{"line":124,"column":17}},"loc":{"start":{"line":124,"column":44},"end":{"line":138,"column":1}},"line":124},"6":{"name":"applyCount","decl":{"start":{"line":140,"column":9},"end":{"line":140,"column":19}},"loc":{"start":{"line":140,"column":46},"end":{"line":157,"column":1}},"line":140}},"branchMap":{"0":{"loc":{"start":{"line":9,"column":4},"end":{"line":14,"column":5}},"type":"if","locations":[{"start":{"line":9,"column":4},"end":{"line":14,"column":5}},{"start":{"line":9,"column":4},"end":{"line":14,"column":5}}],"line":9},"1":{"loc":{"start":{"line":16,"column":8},"end":{"line":24,"column":9}},"type":"if","locations":[{"start":{"line":16,"column":8},"end":{"line":24,"column":9}},{"start":{"line":16,"column":8},"end":{"line":24,"column":9}}],"line":16},"2":{"loc":{"start":{"line":31,"column":16},"end":{"line":34,"column":17}},"type":"if","locations":[{"start":{"line":31,"column":16},"end":{"line":34,"column":17}},{"start":{"line":31,"column":16},"end":{"line":34,"column":17}}],"line":31},"3":{"loc":{"start":{"line":37,"column":12},"end":{"line":41,"column":13}},"type":"if","locations":[{"start":{"line":37,"column":12},"end":{"line":41,"column":13}},{"start":{"line":37,"column":12},"end":{"line":41,"column":13}}],"line":37},"4":{"loc":{"start":{"line":44,"column":8},"end":{"line":51,"column":9}},"type":"if","locations":[{"start":{"line":44,"column":8},"end":{"line":51,"column":9}},{"start":{"line":44,"column":8},"end":{"line":51,"column":9}}],"line":44},"5":{"loc":{"start":{"line":60,"column":12},"end":{"line":62,"column":13}},"type":"if","locations":[{"start":{"line":60,"column":12},"end":{"line":62,"column":13}},{"start":{"line":60,"column":12},"end":{"line":62,"column":13}}],"line":60},"6":{"loc":{"start":{"line":78,"column":4},"end":{"line":83,"column":5}},"type":"if","locations":[{"start":{"line":78,"column":4},"end":{"line":83,"column":5}},{"start":{"line":78,"column":4},"end":{"line":83,"column":5}}],"line":78},"7":{"loc":{"start":{"line":85,"column":8},"end":{"line":87,"column":9}},"type":"if","locations":[{"start":{"line":85,"column":8},"end":{"line":87,"column":9}},{"start":{"line":85,"column":8},"end":{"line":87,"column":9}}],"line":85},"8":{"loc":{"start":{"line":95,"column":4},"end":{"line":100,"column":5}},"type":"if","locations":[{"start":{"line":95,"column":4},"end":{"line":100,"column":5}},{"start":{"line":95,"column":4},"end":{"line":100,"column":5}}],"line":95},"9":{"loc":{"start":{"line":102,"column":8},"end":{"line":104,"column":9}},"type":"if","locations":[{"start":{"line":102,"column":8},"end":{"line":104,"column":9}},{"start":{"line":102,"column":8},"end":{"line":104,"column":9}}],"line":102},"10":{"loc":{"start":{"line":112,"column":4},"end":{"line":117,"column":5}},"type":"if","locations":[{"start":{"line":112,"column":4},"end":{"line":117,"column":5}},{"start":{"line":112,"column":4},"end":{"line":117,"column":5}}],"line":112},"11":{"loc":{"start":{"line":127,"column":4},"end":{"line":132,"column":5}},"type":"if","locations":[{"start":{"line":127,"column":4},"end":{"line":132,"column":5}},{"start":{"line":127,"column":4},"end":{"line":132,"column":5}}],"line":127},"12":{"loc":{"start":{"line":144,"column":4},"end":{"line":149,"column":5}},"type":"if","locations":[{"start":{"line":144,"column":4},"end":{"line":149,"column":5}},{"start":{"line":144,"column":4},"end":{"line":149,"column":5}}],"line":144},"13":{"loc":{"start":{"line":151,"column":8},"end":{"line":154,"column":9}},"type":"if","locations":[{"start":{"line":151,"column":8},"end":{"line":154,"column":9}},{"start":{"line":151,"column":8},"end":{"line":154,"column":9}}],"line":151}},"s":{"0":1,"1":1,"2":1,"3":20,"4":20,"5":20,"6":16,"7":4,"8":20,"9":20,"10":20,"11":20,"12":28,"13":20,"14":20,"15":20,"16":0,"17":0,"18":0,"19":0,"20":0,"21":0,"22":0,"23":0,"24":0,"25":0,"26":0,"27":0,"28":0,"29":0,"30":0,"31":0,"32":0,"33":0,"34":0,"35":0,"36":0,"37":20,"38":1,"39":17,"40":17,"41":18,"42":18,"43":0,"44":18,"45":18,"46":18,"47":18,"48":18,"49":18,"50":17,"51":1,"52":3,"53":3,"54":1,"55":2,"56":3,"57":3,"58":3,"59":3,"60":1,"61":4,"62":4,"63":3,"64":1,"65":4,"66":4,"67":4,"68":4,"69":1,"70":2,"71":2,"72":1,"73":1,"74":2,"75":2,"76":2,"77":1,"78":7,"79":7,"80":6,"81":1,"82":7,"83":7,"84":7,"85":7,"86":1,"87":1,"88":1,"89":1,"90":1,"91":0,"92":1,"93":1,"94":1,"95":1,"96":1,"97":1},"f":{"0":20,"1":17,"2":3,"3":4,"4":2,"5":7,"6":1},"b":{"0":[16,4],"1":[20,0],"2":[0,0],"3":[0,0],"4":[0,0],"5":[0,18],"6":[1,2],"7":[3,0],"8":[3,1],"9":[4,0],"10":[1,1],"11":[6,1],"12":[1,0],"13":[1,0]},"_coverageSchema":"332fd63041d2c1bcb487cc26dd0d5f7d97098a6c","hash":"d6d7fc7e877ca256d5a64633f1d6e033a28f241d","contentHash":"087c4a4cbc5e816a9e28cfd77d7e4bac_11.3.0"},"/Users/LazyLinh/WebstormProjects/project_team222/src/controller/AddDatasetHelpers.js":{"path":"/Users/LazyLinh/WebstormProjects/project_team222/src/controller/AddDatasetHelpers.js","statementMap":{"0":{"start":{"line":2,"column":0},"end":{"line":2,"column":62}},"1":{"start":{"line":3,"column":25},"end":{"line":3,"column":52}},"2":{"start":{"line":4,"column":11},"end":{"line":4,"column":24}},"3":{"start":{"line":5,"column":14},"end":{"line":5,"column":30}},"4":{"start":{"line":6,"column":32},"end":{"line":6,"column":66}},"5":{"start":{"line":8,"column":4},"end":{"line":16,"column":5}},"6":{"start":{"line":9,"column":8},"end":{"line":9,"column":65}},"7":{"start":{"line":11,"column":9},"end":{"line":16,"column":5}},"8":{"start":{"line":12,"column":8},"end":{"line":12,"column":87}},"9":{"start":{"line":15,"column":8},"end":{"line":15,"column":44}},"10":{"start":{"line":18,"column":0},"end":{"line":18,"column":52}},"11":{"start":{"line":20,"column":4},"end":{"line":46,"column":7}},"12":{"start":{"line":22,"column":27},"end":{"line":22,"column":29}},"13":{"start":{"line":23,"column":8},"end":{"line":25,"column":11}},"14":{"start":{"line":24,"column":12},"end":{"line":24,"column":50}},"15":{"start":{"line":26,"column":8},"end":{"line":26,"column":41}},"16":{"start":{"line":28,"column":25},"end":{"line":28,"column":96}},"17":{"start":{"line":29,"column":8},"end":{"line":37,"column":9}},"18":{"start":{"line":30,"column":12},"end":{"line":36,"column":13}},"19":{"start":{"line":31,"column":29},"end":{"line":31,"column":48}},"20":{"start":{"line":32,"column":34},"end":{"line":32,"column":55}},"21":{"start":{"line":33,"column":16},"end":{"line":33,"column":61}},"22":{"start":{"line":38,"column":8},"end":{"line":45,"column":9}},"23":{"start":{"line":39,"column":12},"end":{"line":39,"column":38}},"24":{"start":{"line":40,"column":12},"end":{"line":40,"column":42}},"25":{"start":{"line":41,"column":12},"end":{"line":41,"column":37}},"26":{"start":{"line":44,"column":12},"end":{"line":44,"column":102}},"27":{"start":{"line":49,"column":4},"end":{"line":64,"column":6}},"28":{"start":{"line":66,"column":0},"end":{"line":66,"column":56}},"29":{"start":{"line":68,"column":4},"end":{"line":80,"column":5}},"30":{"start":{"line":69,"column":20},"end":{"line":69,"column":52}},"31":{"start":{"line":70,"column":8},"end":{"line":70,"column":69}},"32":{"start":{"line":71,"column":8},"end":{"line":71,"column":67}},"33":{"start":{"line":72,"column":8},"end":{"line":72,"column":69}},"34":{"start":{"line":73,"column":8},"end":{"line":73,"column":69}},"35":{"start":{"line":74,"column":8},"end":{"line":74,"column":71}},"36":{"start":{"line":75,"column":8},"end":{"line":75,"column":73}},"37":{"start":{"line":76,"column":8},"end":{"line":76,"column":69}},"38":{"start":{"line":77,"column":8},"end":{"line":77,"column":81}},"39":{"start":{"line":78,"column":8},"end":{"line":78,"column":71}},"40":{"start":{"line":79,"column":8},"end":{"line":79,"column":69}},"41":{"start":{"line":81,"column":4},"end":{"line":81,"column":38}},"42":{"start":{"line":83,"column":0},"end":{"line":83,"column":50}},"43":{"start":{"line":85,"column":4},"end":{"line":85,"column":58}},"44":{"start":{"line":87,"column":0},"end":{"line":87,"column":36}},"45":{"start":{"line":89,"column":17},"end":{"line":89,"column":19}},"46":{"start":{"line":90,"column":4},"end":{"line":92,"column":5}},"47":{"start":{"line":91,"column":8},"end":{"line":91,"column":22}},"48":{"start":{"line":93,"column":21},"end":{"line":105,"column":5}},"49":{"start":{"line":106,"column":4},"end":{"line":132,"column":5}},"50":{"start":{"line":107,"column":23},"end":{"line":107,"column":27}},"51":{"start":{"line":108,"column":8},"end":{"line":112,"column":9}},"52":{"start":{"line":109,"column":12},"end":{"line":111,"column":13}},"53":{"start":{"line":110,"column":16},"end":{"line":110,"column":33}},"54":{"start":{"line":113,"column":8},"end":{"line":115,"column":9}},"55":{"start":{"line":114,"column":12},"end":{"line":114,"column":21}},"56":{"start":{"line":116,"column":24},"end":{"line":127,"column":9}},"57":{"start":{"line":128,"column":8},"end":{"line":130,"column":9}},"58":{"start":{"line":129,"column":12},"end":{"line":129,"column":34}},"59":{"start":{"line":131,"column":8},"end":{"line":131,"column":31}},"60":{"start":{"line":133,"column":4},"end":{"line":133,"column":18}},"61":{"start":{"line":135,"column":0},"end":{"line":135,"column":38}},"62":{"start":{"line":137,"column":4},"end":{"line":142,"column":5}},"63":{"start":{"line":138,"column":8},"end":{"line":138,"column":78}},"64":{"start":{"line":141,"column":8},"end":{"line":141,"column":15}},"65":{"start":{"line":144,"column":0},"end":{"line":144,"column":46}},"66":{"start":{"line":146,"column":4},"end":{"line":148,"column":5}},"67":{"start":{"line":147,"column":8},"end":{"line":147,"column":38}},"68":{"start":{"line":150,"column":0},"end":{"line":150,"column":58}},"69":{"start":{"line":152,"column":4},"end":{"line":160,"column":5}},"70":{"start":{"line":153,"column":19},"end":{"line":153,"column":70}},"71":{"start":{"line":154,"column":28},"end":{"line":154,"column":44}},"72":{"start":{"line":155,"column":8},"end":{"line":155,"column":51}},"73":{"start":{"line":156,"column":8},"end":{"line":156,"column":20}},"74":{"start":{"line":159,"column":8},"end":{"line":159,"column":21}},"75":{"start":{"line":162,"column":0},"end":{"line":162,"column":50}},"76":{"start":{"line":164,"column":4},"end":{"line":175,"column":5}},"77":{"start":{"line":165,"column":21},"end":{"line":165,"column":44}},"78":{"start":{"line":166,"column":8},"end":{"line":171,"column":9}},"79":{"start":{"line":167,"column":12},"end":{"line":169,"column":13}},"80":{"start":{"line":168,"column":16},"end":{"line":168,"column":25}},"81":{"start":{"line":170,"column":12},"end":{"line":170,"column":45}},"82":{"start":{"line":174,"column":8},"end":{"line":174,"column":15}},"83":{"start":{"line":177,"column":0},"end":{"line":177,"column":42}},"84":{"start":{"line":179,"column":4},"end":{"line":186,"column":5}},"85":{"start":{"line":180,"column":8},"end":{"line":180,"column":55}},"86":{"start":{"line":181,"column":8},"end":{"line":181,"column":36}},"87":{"start":{"line":182,"column":8},"end":{"line":182,"column":20}},"88":{"start":{"line":185,"column":8},"end":{"line":185,"column":21}},"89":{"start":{"line":188,"column":0},"end":{"line":188,"column":54}},"90":{"start":{"line":190,"column":4},"end":{"line":198,"column":5}},"91":{"start":{"line":191,"column":21},"end":{"line":191,"column":44}},"92":{"start":{"line":192,"column":8},"end":{"line":194,"column":9}},"93":{"start":{"line":193,"column":12},"end":{"line":193,"column":41}},"94":{"start":{"line":197,"column":8},"end":{"line":197,"column":15}},"95":{"start":{"line":200,"column":0},"end":{"line":200,"column":46}},"96":{"start":{"line":202,"column":14},"end":{"line":202,"column":16}},"97":{"start":{"line":203,"column":4},"end":{"line":205,"column":5}},"98":{"start":{"line":204,"column":8},"end":{"line":204,"column":26}},"99":{"start":{"line":206,"column":4},"end":{"line":206,"column":15}},"100":{"start":{"line":208,"column":0},"end":{"line":208,"column":34}},"101":{"start":{"line":210,"column":4},"end":{"line":216,"column":5}},"102":{"start":{"line":211,"column":21},"end":{"line":211,"column":44}},"103":{"start":{"line":212,"column":8},"end":{"line":212,"column":22}},"104":{"start":{"line":215,"column":8},"end":{"line":215,"column":18}},"105":{"start":{"line":218,"column":0},"end":{"line":218,"column":30}},"106":{"start":{"line":220,"column":14},"end":{"line":220,"column":16}},"107":{"start":{"line":221,"column":4},"end":{"line":225,"column":5}},"108":{"start":{"line":222,"column":8},"end":{"line":224,"column":9}},"109":{"start":{"line":223,"column":12},"end":{"line":223,"column":27}},"110":{"start":{"line":226,"column":4},"end":{"line":226,"column":24}},"111":{"start":{"line":227,"column":4},"end":{"line":227,"column":15}},"112":{"start":{"line":230,"column":4},"end":{"line":244,"column":5}},"113":{"start":{"line":231,"column":8},"end":{"line":231,"column":77}},"114":{"start":{"line":233,"column":9},"end":{"line":244,"column":5}},"115":{"start":{"line":234,"column":8},"end":{"line":234,"column":82}},"116":{"start":{"line":236,"column":9},"end":{"line":244,"column":5}},"117":{"start":{"line":237,"column":8},"end":{"line":237,"column":88}},"118":{"start":{"line":239,"column":9},"end":{"line":244,"column":5}},"119":{"start":{"line":240,"column":8},"end":{"line":240,"column":87}},"120":{"start":{"line":242,"column":9},"end":{"line":244,"column":5}},"121":{"start":{"line":243,"column":8},"end":{"line":243,"column":89}},"122":{"start":{"line":245,"column":4},"end":{"line":245,"column":14}},"123":{"start":{"line":247,"column":0},"end":{"line":247,"column":44}}},"fnMap":{"0":{"name":"getAddDatasetPromise","decl":{"start":{"line":7,"column":9},"end":{"line":7,"column":29}},"loc":{"start":{"line":7,"column":59},"end":{"line":17,"column":1}},"line":7},"1":{"name":"getAddCourseDatasetPromise","decl":{"start":{"line":19,"column":9},"end":{"line":19,"column":35}},"loc":{"start":{"line":19,"column":59},"end":{"line":47,"column":1}},"line":19},"2":{"name":"(anonymous_2)","decl":{"start":{"line":21,"column":14},"end":{"line":21,"column":15}},"loc":{"start":{"line":21,"column":23},"end":{"line":27,"column":5}},"line":21},"3":{"name":"(anonymous_3)","decl":{"start":{"line":23,"column":38},"end":{"line":23,"column":39}},"loc":{"start":{"line":23,"column":54},"end":{"line":25,"column":9}},"line":23},"4":{"name":"(anonymous_4)","decl":{"start":{"line":27,"column":12},"end":{"line":27,"column":13}},"loc":{"start":{"line":27,"column":21},"end":{"line":46,"column":5}},"line":27},"5":{"name":"newCourseDatasetHelper","decl":{"start":{"line":48,"column":9},"end":{"line":48,"column":31}},"loc":{"start":{"line":48,"column":48},"end":{"line":65,"column":1}},"line":48},"6":{"name":"addCoursesToDataset","decl":{"start":{"line":67,"column":9},"end":{"line":67,"column":28}},"loc":{"start":{"line":67,"column":47},"end":{"line":82,"column":1}},"line":67},"7":{"name":"idListHelper","decl":{"start":{"line":84,"column":9},"end":{"line":84,"column":21}},"loc":{"start":{"line":84,"column":32},"end":{"line":86,"column":1}},"line":84},"8":{"name":"ICourseHelper","decl":{"start":{"line":88,"column":9},"end":{"line":88,"column":22}},"loc":{"start":{"line":88,"column":31},"end":{"line":134,"column":1}},"line":88},"9":{"name":"saveDatasetToDisk","decl":{"start":{"line":136,"column":9},"end":{"line":136,"column":26}},"loc":{"start":{"line":136,"column":36},"end":{"line":143,"column":1}},"line":136},"10":{"name":"loadFromDiskIfNecessary","decl":{"start":{"line":145,"column":9},"end":{"line":145,"column":32}},"loc":{"start":{"line":145,"column":43},"end":{"line":149,"column":1}},"line":145},"11":{"name":"loadDatasetFromDisk","decl":{"start":{"line":151,"column":9},"end":{"line":151,"column":28}},"loc":{"start":{"line":151,"column":39},"end":{"line":161,"column":1}},"line":151},"12":{"name":"loadAllFromDisk","decl":{"start":{"line":163,"column":9},"end":{"line":163,"column":24}},"loc":{"start":{"line":163,"column":31},"end":{"line":176,"column":1}},"line":163},"13":{"name":"deleteDatasetFromDisk","decl":{"start":{"line":178,"column":9},"end":{"line":178,"column":30}},"loc":{"start":{"line":178,"column":35},"end":{"line":187,"column":1}},"line":178},"14":{"name":"deleteAllFromDisk","decl":{"start":{"line":189,"column":9},"end":{"line":189,"column":26}},"loc":{"start":{"line":189,"column":29},"end":{"line":199,"column":1}},"line":189},"15":{"name":"idsInMemory","decl":{"start":{"line":201,"column":9},"end":{"line":201,"column":20}},"loc":{"start":{"line":201,"column":31},"end":{"line":207,"column":1}},"line":201},"16":{"name":"idsInDisk","decl":{"start":{"line":209,"column":9},"end":{"line":209,"column":18}},"loc":{"start":{"line":209,"column":21},"end":{"line":217,"column":1}},"line":209},"17":{"name":"arrayUnion","decl":{"start":{"line":219,"column":9},"end":{"line":219,"column":19}},"loc":{"start":{"line":219,"column":26},"end":{"line":228,"column":1}},"line":219},"18":{"name":"validateIDString","decl":{"start":{"line":229,"column":9},"end":{"line":229,"column":25}},"loc":{"start":{"line":229,"column":30},"end":{"line":246,"column":1}},"line":229}},"branchMap":{"0":{"loc":{"start":{"line":8,"column":4},"end":{"line":16,"column":5}},"type":"if","locations":[{"start":{"line":8,"column":4},"end":{"line":16,"column":5}},{"start":{"line":8,"column":4},"end":{"line":16,"column":5}}],"line":8},"1":{"loc":{"start":{"line":11,"column":9},"end":{"line":16,"column":5}},"type":"if","locations":[{"start":{"line":11,"column":9},"end":{"line":16,"column":5}},{"start":{"line":11,"column":9},"end":{"line":16,"column":5}}],"line":11},"2":{"loc":{"start":{"line":38,"column":8},"end":{"line":45,"column":9}},"type":"if","locations":[{"start":{"line":38,"column":8},"end":{"line":45,"column":9}},{"start":{"line":38,"column":8},"end":{"line":45,"column":9}}],"line":38},"3":{"loc":{"start":{"line":90,"column":4},"end":{"line":92,"column":5}},"type":"if","locations":[{"start":{"line":90,"column":4},"end":{"line":92,"column":5}},{"start":{"line":90,"column":4},"end":{"line":92,"column":5}}],"line":90},"4":{"loc":{"start":{"line":90,"column":8},"end":{"line":90,"column":73}},"type":"binary-expr","locations":[{"start":{"line":90,"column":8},"end":{"line":90,"column":40}},{"start":{"line":90,"column":44},"end":{"line":90,"column":73}}],"line":90},"5":{"loc":{"start":{"line":109,"column":12},"end":{"line":111,"column":13}},"type":"if","locations":[{"start":{"line":109,"column":12},"end":{"line":111,"column":13}},{"start":{"line":109,"column":12},"end":{"line":111,"column":13}}],"line":109},"6":{"loc":{"start":{"line":109,"column":16},"end":{"line":109,"column":81}},"type":"binary-expr","locations":[{"start":{"line":109,"column":16},"end":{"line":109,"column":41}},{"start":{"line":109,"column":45},"end":{"line":109,"column":81}}],"line":109},"7":{"loc":{"start":{"line":113,"column":8},"end":{"line":115,"column":9}},"type":"if","locations":[{"start":{"line":113,"column":8},"end":{"line":115,"column":9}},{"start":{"line":113,"column":8},"end":{"line":115,"column":9}}],"line":113},"8":{"loc":{"start":{"line":128,"column":8},"end":{"line":130,"column":9}},"type":"if","locations":[{"start":{"line":128,"column":8},"end":{"line":130,"column":9}},{"start":{"line":128,"column":8},"end":{"line":130,"column":9}}],"line":128},"9":{"loc":{"start":{"line":146,"column":4},"end":{"line":148,"column":5}},"type":"if","locations":[{"start":{"line":146,"column":4},"end":{"line":148,"column":5}},{"start":{"line":146,"column":4},"end":{"line":148,"column":5}}],"line":146},"10":{"loc":{"start":{"line":167,"column":12},"end":{"line":169,"column":13}},"type":"if","locations":[{"start":{"line":167,"column":12},"end":{"line":169,"column":13}},{"start":{"line":167,"column":12},"end":{"line":169,"column":13}}],"line":167},"11":{"loc":{"start":{"line":222,"column":8},"end":{"line":224,"column":9}},"type":"if","locations":[{"start":{"line":222,"column":8},"end":{"line":224,"column":9}},{"start":{"line":222,"column":8},"end":{"line":224,"column":9}}],"line":222},"12":{"loc":{"start":{"line":230,"column":4},"end":{"line":244,"column":5}},"type":"if","locations":[{"start":{"line":230,"column":4},"end":{"line":244,"column":5}},{"start":{"line":230,"column":4},"end":{"line":244,"column":5}}],"line":230},"13":{"loc":{"start":{"line":233,"column":9},"end":{"line":244,"column":5}},"type":"if","locations":[{"start":{"line":233,"column":9},"end":{"line":244,"column":5}},{"start":{"line":233,"column":9},"end":{"line":244,"column":5}}],"line":233},"14":{"loc":{"start":{"line":236,"column":9},"end":{"line":244,"column":5}},"type":"if","locations":[{"start":{"line":236,"column":9},"end":{"line":244,"column":5}},{"start":{"line":236,"column":9},"end":{"line":244,"column":5}}],"line":236},"15":{"loc":{"start":{"line":239,"column":9},"end":{"line":244,"column":5}},"type":"if","locations":[{"start":{"line":239,"column":9},"end":{"line":244,"column":5}},{"start":{"line":239,"column":9},"end":{"line":244,"column":5}}],"line":239},"16":{"loc":{"start":{"line":242,"column":9},"end":{"line":244,"column":5}},"type":"if","locations":[{"start":{"line":242,"column":9},"end":{"line":244,"column":5}},{"start":{"line":242,"column":9},"end":{"line":244,"column":5}}],"line":242}},"s":{"0":1,"1":1,"2":1,"3":1,"4":1,"5":58,"6":52,"7":6,"8":6,"9":0,"10":1,"11":52,"12":50,"13":50,"14":160564,"15":50,"16":50,"17":50,"18":160564,"19":160564,"20":160541,"21":160541,"22":50,"23":42,"24":42,"25":42,"26":8,"27":50,"28":1,"29":160541,"30":1745667,"31":1745667,"32":1745667,"33":1745667,"34":1745667,"35":1745667,"36":1745667,"37":1745667,"38":1745667,"39":1745667,"40":1745667,"41":160541,"42":1,"43":44,"44":1,"45":160541,"46":160541,"47":0,"48":160541,"49":160541,"50":1745667,"51":1745667,"52":19202337,"53":0,"54":1745667,"55":0,"56":1745667,"57":1745667,"58":665198,"59":1745667,"60":160541,"61":1,"62":44,"63":44,"64":0,"65":1,"66":107,"67":6,"68":1,"69":7,"70":7,"71":1,"72":1,"73":1,"74":6,"75":1,"76":11,"77":11,"78":11,"79":8,"80":7,"81":1,"82":0,"83":1,"84":13,"85":13,"86":10,"87":10,"88":3,"89":1,"90":4,"91":4,"92":4,"93":2,"94":0,"95":1,"96":277,"97":277,"98":1134,"99":277,"100":1,"101":44,"102":44,"103":44,"104":0,"105":1,"106":44,"107":44,"108":62,"109":1,"110":44,"111":44,"112":1525,"113":4,"114":1521,"115":4,"116":1517,"117":6,"118":1511,"119":6,"120":1505,"121":11,"122":1494,"123":1},"f":{"0":58,"1":52,"2":50,"3":160564,"4":50,"5":50,"6":160541,"7":44,"8":160541,"9":44,"10":107,"11":7,"12":11,"13":13,"14":4,"15":277,"16":44,"17":44,"18":1525},"b":{"0":[52,6],"1":[6,0],"2":[42,8],"3":[0,160541],"4":[160541,160541],"5":[0,19202337],"6":[19202337,19202337],"7":[0,1745667],"8":[665198,1080469],"9":[6,101],"10":[7,1],"11":[1,61],"12":[4,1521],"13":[4,1517],"14":[6,1511],"15":[6,1505],"16":[11,1494]},"_coverageSchema":"332fd63041d2c1bcb487cc26dd0d5f7d97098a6c","hash":"31de44e295f9c68c3c001f8c5fe65acdfbdec408","contentHash":"9cee04e3367da506bb97d3dbd5e0c91a_11.3.0"},"/Users/LazyLinh/WebstormProjects/project_team222/src/controller/AddRoomDatasetHelpers.js":{"path":"/Users/LazyLinh/WebstormProjects/project_team222/src/controller/AddRoomDatasetHelpers.js","statementMap":{"0":{"start":{"line":2,"column":0},"end":{"line":2,"column":62}},"1":{"start":{"line":3,"column":25},"end":{"line":3,"column":52}},"2":{"start":{"line":4,"column":14},"end":{"line":4,"column":30}},"3":{"start":{"line":5,"column":28},"end":{"line":5,"column":58}},"4":{"start":{"line":6,"column":15},"end":{"line":6,"column":33}},"5":{"start":{"line":7,"column":16},"end":{"line":7,"column":75}},"6":{"start":{"line":8,"column":20},"end":{"line":8,"column":23}},"7":{"start":{"line":12,"column":4},"end":{"line":49,"column":7}},"8":{"start":{"line":14,"column":8},"end":{"line":14,"column":18}},"9":{"start":{"line":15,"column":22},"end":{"line":15,"column":41}},"10":{"start":{"line":16,"column":8},"end":{"line":18,"column":9}},"11":{"start":{"line":17,"column":12},"end":{"line":17,"column":55}},"12":{"start":{"line":19,"column":23},"end":{"line":19,"column":48}},"13":{"start":{"line":20,"column":8},"end":{"line":22,"column":9}},"14":{"start":{"line":21,"column":12},"end":{"line":21,"column":55}},"15":{"start":{"line":23,"column":8},"end":{"line":23,"column":38}},"16":{"start":{"line":25,"column":8},"end":{"line":25,"column":40}},"17":{"start":{"line":26,"column":27},"end":{"line":26,"column":29}},"18":{"start":{"line":27,"column":8},"end":{"line":30,"column":9}},"19":{"start":{"line":28,"column":29},"end":{"line":28,"column":68}},"20":{"start":{"line":29,"column":12},"end":{"line":29,"column":56}},"21":{"start":{"line":31,"column":8},"end":{"line":31,"column":41}},"22":{"start":{"line":33,"column":27},"end":{"line":33,"column":29}},"23":{"start":{"line":34,"column":8},"end":{"line":36,"column":9}},"24":{"start":{"line":35,"column":12},"end":{"line":35,"column":88}},"25":{"start":{"line":37,"column":8},"end":{"line":37,"column":41}},"26":{"start":{"line":39,"column":25},"end":{"line":39,"column":92}},"27":{"start":{"line":40,"column":8},"end":{"line":40,"column":43}},"28":{"start":{"line":41,"column":8},"end":{"line":48,"column":9}},"29":{"start":{"line":42,"column":12},"end":{"line":42,"column":38}},"30":{"start":{"line":43,"column":12},"end":{"line":43,"column":62}},"31":{"start":{"line":44,"column":12},"end":{"line":44,"column":37}},"32":{"start":{"line":47,"column":12},"end":{"line":47,"column":100}},"33":{"start":{"line":51,"column":0},"end":{"line":51,"column":60}},"34":{"start":{"line":53,"column":4},"end":{"line":55,"column":5}},"35":{"start":{"line":54,"column":8},"end":{"line":54,"column":18}},"36":{"start":{"line":56,"column":4},"end":{"line":68,"column":5}},"37":{"start":{"line":57,"column":8},"end":{"line":57,"column":25}},"38":{"start":{"line":59,"column":9},"end":{"line":68,"column":5}},"39":{"start":{"line":63,"column":24},"end":{"line":63,"column":26}},"40":{"start":{"line":64,"column":8},"end":{"line":66,"column":9}},"41":{"start":{"line":65,"column":12},"end":{"line":65,"column":65}},"42":{"start":{"line":67,"column":8},"end":{"line":67,"column":25}},"43":{"start":{"line":69,"column":4},"end":{"line":69,"column":14}},"44":{"start":{"line":72,"column":4},"end":{"line":101,"column":5}},"45":{"start":{"line":73,"column":22},"end":{"line":73,"column":24}},"46":{"start":{"line":74,"column":23},"end":{"line":74,"column":25}},"47":{"start":{"line":75,"column":25},"end":{"line":75,"column":27}},"48":{"start":{"line":76,"column":22},"end":{"line":76,"column":24}},"49":{"start":{"line":77,"column":8},"end":{"line":91,"column":9}},"50":{"start":{"line":78,"column":12},"end":{"line":80,"column":13}},"51":{"start":{"line":79,"column":16},"end":{"line":79,"column":25}},"52":{"start":{"line":81,"column":12},"end":{"line":83,"column":13}},"53":{"start":{"line":82,"column":16},"end":{"line":82,"column":59}},"54":{"start":{"line":84,"column":12},"end":{"line":87,"column":13}},"55":{"start":{"line":85,"column":16},"end":{"line":85,"column":74}},"56":{"start":{"line":86,"column":16},"end":{"line":86,"column":70}},"57":{"start":{"line":88,"column":12},"end":{"line":90,"column":13}},"58":{"start":{"line":89,"column":16},"end":{"line":89,"column":62}},"59":{"start":{"line":92,"column":8},"end":{"line":97,"column":10}},"60":{"start":{"line":100,"column":8},"end":{"line":100,"column":20}},"61":{"start":{"line":104,"column":4},"end":{"line":106,"column":5}},"62":{"start":{"line":105,"column":8},"end":{"line":105,"column":18}},"63":{"start":{"line":107,"column":23},"end":{"line":107,"column":39}},"64":{"start":{"line":108,"column":14},"end":{"line":108,"column":16}},"65":{"start":{"line":109,"column":4},"end":{"line":117,"column":5}},"66":{"start":{"line":110,"column":8},"end":{"line":112,"column":9}},"67":{"start":{"line":111,"column":12},"end":{"line":111,"column":21}},"68":{"start":{"line":113,"column":21},"end":{"line":113,"column":48}},"69":{"start":{"line":114,"column":8},"end":{"line":116,"column":9}},"70":{"start":{"line":115,"column":12},"end":{"line":115,"column":29}},"71":{"start":{"line":118,"column":4},"end":{"line":118,"column":15}},"72":{"start":{"line":121,"column":19},"end":{"line":121,"column":36}},"73":{"start":{"line":122,"column":17},"end":{"line":122,"column":34}},"74":{"start":{"line":123,"column":22},"end":{"line":123,"column":45}},"75":{"start":{"line":124,"column":4},"end":{"line":129,"column":5}},"76":{"start":{"line":125,"column":21},"end":{"line":125,"column":43}},"77":{"start":{"line":126,"column":8},"end":{"line":128,"column":9}},"78":{"start":{"line":127,"column":12},"end":{"line":127,"column":26}},"79":{"start":{"line":132,"column":4},"end":{"line":178,"column":5}},"80":{"start":{"line":138,"column":8},"end":{"line":161,"column":9}},"81":{"start":{"line":139,"column":12},"end":{"line":141,"column":13}},"82":{"start":{"line":140,"column":16},"end":{"line":140,"column":25}},"83":{"start":{"line":142,"column":12},"end":{"line":160,"column":13}},"84":{"start":{"line":144,"column":20},"end":{"line":144,"column":72}},"85":{"start":{"line":145,"column":20},"end":{"line":145,"column":65}},"86":{"start":{"line":146,"column":20},"end":{"line":146,"column":26}},"87":{"start":{"line":149,"column":20},"end":{"line":149,"column":64}},"88":{"start":{"line":150,"column":20},"end":{"line":150,"column":26}},"89":{"start":{"line":153,"column":20},"end":{"line":153,"column":68}},"90":{"start":{"line":154,"column":20},"end":{"line":154,"column":26}},"91":{"start":{"line":157,"column":20},"end":{"line":157,"column":63}},"92":{"start":{"line":158,"column":20},"end":{"line":158,"column":26}},"93":{"start":{"line":162,"column":8},"end":{"line":174,"column":10}},"94":{"start":{"line":177,"column":8},"end":{"line":177,"column":20}},"95":{"start":{"line":181,"column":4},"end":{"line":183,"column":5}},"96":{"start":{"line":182,"column":8},"end":{"line":182,"column":18}},"97":{"start":{"line":184,"column":23},"end":{"line":184,"column":39}},"98":{"start":{"line":185,"column":14},"end":{"line":185,"column":16}},"99":{"start":{"line":186,"column":4},"end":{"line":194,"column":5}},"100":{"start":{"line":187,"column":8},"end":{"line":189,"column":9}},"101":{"start":{"line":188,"column":12},"end":{"line":188,"column":21}},"102":{"start":{"line":190,"column":21},"end":{"line":190,"column":61}},"103":{"start":{"line":191,"column":8},"end":{"line":193,"column":9}},"104":{"start":{"line":192,"column":12},"end":{"line":192,"column":29}},"105":{"start":{"line":195,"column":4},"end":{"line":195,"column":15}},"106":{"start":{"line":198,"column":4},"end":{"line":225,"column":7}},"107":{"start":{"line":199,"column":21},"end":{"line":199,"column":36}},"108":{"start":{"line":200,"column":21},"end":{"line":200,"column":74}},"109":{"start":{"line":201,"column":8},"end":{"line":214,"column":9}},"110":{"start":{"line":202,"column":12},"end":{"line":209,"column":15}},"111":{"start":{"line":203,"column":16},"end":{"line":205,"column":17}},"112":{"start":{"line":204,"column":20},"end":{"line":204,"column":92}},"113":{"start":{"line":206,"column":27},"end":{"line":206,"column":29}},"114":{"start":{"line":207,"column":16},"end":{"line":207,"column":60}},"115":{"start":{"line":207,"column":42},"end":{"line":207,"column":58}},"116":{"start":{"line":208,"column":16},"end":{"line":208,"column":60}},"117":{"start":{"line":208,"column":36},"end":{"line":208,"column":58}},"118":{"start":{"line":212,"column":12},"end":{"line":212,"column":38}},"119":{"start":{"line":213,"column":12},"end":{"line":213,"column":69}},"120":{"start":{"line":216,"column":18},"end":{"line":216,"column":38}},"121":{"start":{"line":217,"column":8},"end":{"line":219,"column":9}},"122":{"start":{"line":218,"column":12},"end":{"line":218,"column":45}},"123":{"start":{"line":220,"column":8},"end":{"line":220,"column":27}},"124":{"start":{"line":221,"column":8},"end":{"line":221,"column":27}},"125":{"start":{"line":222,"column":8},"end":{"line":222,"column":37}},"126":{"start":{"line":224,"column":8},"end":{"line":224,"column":37}},"127":{"start":{"line":227,"column":0},"end":{"line":227,"column":56}},"128":{"start":{"line":229,"column":19},"end":{"line":229,"column":36}},"129":{"start":{"line":230,"column":17},"end":{"line":230,"column":35}},"130":{"start":{"line":231,"column":22},"end":{"line":231,"column":45}},"131":{"start":{"line":232,"column":16},"end":{"line":232,"column":18}},"132":{"start":{"line":233,"column":4},"end":{"line":238,"column":5}},"133":{"start":{"line":234,"column":8},"end":{"line":234,"column":52}},"134":{"start":{"line":235,"column":8},"end":{"line":237,"column":9}},"135":{"start":{"line":236,"column":12},"end":{"line":236,"column":18}},"136":{"start":{"line":239,"column":19},"end":{"line":239,"column":21}},"137":{"start":{"line":240,"column":4},"end":{"line":242,"column":5}},"138":{"start":{"line":241,"column":8},"end":{"line":241,"column":52}},"139":{"start":{"line":243,"column":4},"end":{"line":243,"column":20}},"140":{"start":{"line":246,"column":4},"end":{"line":262,"column":6}},"141":{"start":{"line":264,"column":0},"end":{"line":264,"column":52}},"142":{"start":{"line":266,"column":4},"end":{"line":283,"column":5}},"143":{"start":{"line":267,"column":8},"end":{"line":269,"column":9}},"144":{"start":{"line":268,"column":12},"end":{"line":268,"column":21}},"145":{"start":{"line":270,"column":20},"end":{"line":270,"column":48}},"146":{"start":{"line":271,"column":8},"end":{"line":271,"column":75}},"147":{"start":{"line":272,"column":8},"end":{"line":272,"column":77}},"148":{"start":{"line":273,"column":8},"end":{"line":273,"column":71}},"149":{"start":{"line":274,"column":8},"end":{"line":274,"column":67}},"150":{"start":{"line":275,"column":8},"end":{"line":275,"column":73}},"151":{"start":{"line":276,"column":8},"end":{"line":276,"column":65}},"152":{"start":{"line":277,"column":8},"end":{"line":277,"column":65}},"153":{"start":{"line":278,"column":8},"end":{"line":278,"column":69}},"154":{"start":{"line":279,"column":8},"end":{"line":279,"column":67}},"155":{"start":{"line":280,"column":8},"end":{"line":280,"column":77}},"156":{"start":{"line":281,"column":8},"end":{"line":281,"column":67}},"157":{"start":{"line":282,"column":8},"end":{"line":282,"column":26}},"158":{"start":{"line":285,"column":0},"end":{"line":285,"column":46}}},"fnMap":{"0":{"name":"getAddRoomDatasetPromise","decl":{"start":{"line":9,"column":9},"end":{"line":9,"column":33}},"loc":{"start":{"line":9,"column":57},"end":{"line":50,"column":1}},"line":9},"1":{"name":"(anonymous_1)","decl":{"start":{"line":13,"column":14},"end":{"line":13,"column":15}},"loc":{"start":{"line":13,"column":23},"end":{"line":24,"column":5}},"line":13},"2":{"name":"(anonymous_2)","decl":{"start":{"line":24,"column":12},"end":{"line":24,"column":13}},"loc":{"start":{"line":24,"column":21},"end":{"line":32,"column":5}},"line":24},"3":{"name":"(anonymous_3)","decl":{"start":{"line":32,"column":12},"end":{"line":32,"column":13}},"loc":{"start":{"line":32,"column":21},"end":{"line":38,"column":5}},"line":32},"4":{"name":"(anonymous_4)","decl":{"start":{"line":38,"column":12},"end":{"line":38,"column":13}},"loc":{"start":{"line":38,"column":21},"end":{"line":49,"column":5}},"line":38},"5":{"name":"findTableBodies","decl":{"start":{"line":52,"column":9},"end":{"line":52,"column":24}},"loc":{"start":{"line":52,"column":34},"end":{"line":70,"column":1}},"line":52},"6":{"name":"parseIndexTableEntry","decl":{"start":{"line":71,"column":9},"end":{"line":71,"column":29}},"loc":{"start":{"line":71,"column":37},"end":{"line":102,"column":1}},"line":71},"7":{"name":"parseIndexTable","decl":{"start":{"line":103,"column":9},"end":{"line":103,"column":24}},"loc":{"start":{"line":103,"column":32},"end":{"line":119,"column":1}},"line":103},"8":{"name":"parseIndexHTML","decl":{"start":{"line":120,"column":9},"end":{"line":120,"column":23}},"loc":{"start":{"line":120,"column":29},"end":{"line":130,"column":1}},"line":120},"9":{"name":"parseBuildingTableEntry","decl":{"start":{"line":131,"column":9},"end":{"line":131,"column":32}},"loc":{"start":{"line":131,"column":50},"end":{"line":179,"column":1}},"line":131},"10":{"name":"parseBuildingTable","decl":{"start":{"line":180,"column":9},"end":{"line":180,"column":27}},"loc":{"start":{"line":180,"column":45},"end":{"line":196,"column":1}},"line":180},"11":{"name":"makeGeolocationPromise","decl":{"start":{"line":197,"column":9},"end":{"line":197,"column":31}},"loc":{"start":{"line":197,"column":38},"end":{"line":226,"column":1}},"line":197},"12":{"name":"(anonymous_12)","decl":{"start":{"line":198,"column":23},"end":{"line":198,"column":24}},"loc":{"start":{"line":198,"column":44},"end":{"line":215,"column":5}},"line":198},"13":{"name":"(anonymous_13)","decl":{"start":{"line":202,"column":29},"end":{"line":202,"column":30}},"loc":{"start":{"line":202,"column":38},"end":{"line":209,"column":13}},"line":202},"14":{"name":"(anonymous_14)","decl":{"start":{"line":207,"column":31},"end":{"line":207,"column":32}},"loc":{"start":{"line":207,"column":42},"end":{"line":207,"column":58}},"line":207},"15":{"name":"(anonymous_15)","decl":{"start":{"line":208,"column":30},"end":{"line":208,"column":31}},"loc":{"start":{"line":208,"column":36},"end":{"line":208,"column":58}},"line":208},"16":{"name":"(anonymous_16)","decl":{"start":{"line":215,"column":12},"end":{"line":215,"column":13}},"loc":{"start":{"line":215,"column":26},"end":{"line":223,"column":5}},"line":215},"17":{"name":"(anonymous_17)","decl":{"start":{"line":223,"column":13},"end":{"line":223,"column":14}},"loc":{"start":{"line":223,"column":22},"end":{"line":225,"column":5}},"line":223},"18":{"name":"makeRoomPromises","decl":{"start":{"line":228,"column":9},"end":{"line":228,"column":25}},"loc":{"start":{"line":228,"column":42},"end":{"line":244,"column":1}},"line":228},"19":{"name":"newRoomDatasetHelper","decl":{"start":{"line":245,"column":9},"end":{"line":245,"column":29}},"loc":{"start":{"line":245,"column":46},"end":{"line":263,"column":1}},"line":245},"20":{"name":"addRoomsToDataset","decl":{"start":{"line":265,"column":9},"end":{"line":265,"column":26}},"loc":{"start":{"line":265,"column":43},"end":{"line":284,"column":1}},"line":265}},"branchMap":{"0":{"loc":{"start":{"line":16,"column":8},"end":{"line":18,"column":9}},"type":"if","locations":[{"start":{"line":16,"column":8},"end":{"line":18,"column":9}},{"start":{"line":16,"column":8},"end":{"line":18,"column":9}}],"line":16},"1":{"loc":{"start":{"line":20,"column":8},"end":{"line":22,"column":9}},"type":"if","locations":[{"start":{"line":20,"column":8},"end":{"line":22,"column":9}},{"start":{"line":20,"column":8},"end":{"line":22,"column":9}}],"line":20},"2":{"loc":{"start":{"line":41,"column":8},"end":{"line":48,"column":9}},"type":"if","locations":[{"start":{"line":41,"column":8},"end":{"line":48,"column":9}},{"start":{"line":41,"column":8},"end":{"line":48,"column":9}}],"line":41},"3":{"loc":{"start":{"line":53,"column":4},"end":{"line":55,"column":5}},"type":"if","locations":[{"start":{"line":53,"column":4},"end":{"line":55,"column":5}},{"start":{"line":53,"column":4},"end":{"line":55,"column":5}}],"line":53},"4":{"loc":{"start":{"line":56,"column":4},"end":{"line":68,"column":5}},"type":"if","locations":[{"start":{"line":56,"column":4},"end":{"line":68,"column":5}},{"start":{"line":56,"column":4},"end":{"line":68,"column":5}}],"line":56},"5":{"loc":{"start":{"line":56,"column":8},"end":{"line":56,"column":74}},"type":"binary-expr","locations":[{"start":{"line":56,"column":8},"end":{"line":56,"column":42}},{"start":{"line":56,"column":46},"end":{"line":56,"column":74}}],"line":56},"6":{"loc":{"start":{"line":59,"column":9},"end":{"line":68,"column":5}},"type":"if","locations":[{"start":{"line":59,"column":9},"end":{"line":68,"column":5}},{"start":{"line":59,"column":9},"end":{"line":68,"column":5}}],"line":59},"7":{"loc":{"start":{"line":59,"column":13},"end":{"line":62,"column":41}},"type":"binary-expr","locations":[{"start":{"line":59,"column":13},"end":{"line":59,"column":47}},{"start":{"line":60,"column":8},"end":{"line":60,"column":44}},{"start":{"line":61,"column":8},"end":{"line":61,"column":35}},{"start":{"line":62,"column":8},"end":{"line":62,"column":41}}],"line":59},"8":{"loc":{"start":{"line":78,"column":12},"end":{"line":80,"column":13}},"type":"if","locations":[{"start":{"line":78,"column":12},"end":{"line":80,"column":13}},{"start":{"line":78,"column":12},"end":{"line":80,"column":13}}],"line":78},"9":{"loc":{"start":{"line":81,"column":12},"end":{"line":83,"column":13}},"type":"if","locations":[{"start":{"line":81,"column":12},"end":{"line":83,"column":13}},{"start":{"line":81,"column":12},"end":{"line":83,"column":13}}],"line":81},"10":{"loc":{"start":{"line":84,"column":12},"end":{"line":87,"column":13}},"type":"if","locations":[{"start":{"line":84,"column":12},"end":{"line":87,"column":13}},{"start":{"line":84,"column":12},"end":{"line":87,"column":13}}],"line":84},"11":{"loc":{"start":{"line":88,"column":12},"end":{"line":90,"column":13}},"type":"if","locations":[{"start":{"line":88,"column":12},"end":{"line":90,"column":13}},{"start":{"line":88,"column":12},"end":{"line":90,"column":13}}],"line":88},"12":{"loc":{"start":{"line":104,"column":4},"end":{"line":106,"column":5}},"type":"if","locations":[{"start":{"line":104,"column":4},"end":{"line":106,"column":5}},{"start":{"line":104,"column":4},"end":{"line":106,"column":5}}],"line":104},"13":{"loc":{"start":{"line":104,"column":8},"end":{"line":104,"column":79}},"type":"binary-expr","locations":[{"start":{"line":104,"column":8},"end":{"line":104,"column":43}},{"start":{"line":104,"column":47},"end":{"line":104,"column":79}}],"line":104},"14":{"loc":{"start":{"line":110,"column":8},"end":{"line":112,"column":9}},"type":"if","locations":[{"start":{"line":110,"column":8},"end":{"line":112,"column":9}},{"start":{"line":110,"column":8},"end":{"line":112,"column":9}}],"line":110},"15":{"loc":{"start":{"line":110,"column":12},"end":{"line":110,"column":74}},"type":"binary-expr","locations":[{"start":{"line":110,"column":12},"end":{"line":110,"column":44}},{"start":{"line":110,"column":48},"end":{"line":110,"column":74}}],"line":110},"16":{"loc":{"start":{"line":114,"column":8},"end":{"line":116,"column":9}},"type":"if","locations":[{"start":{"line":114,"column":8},"end":{"line":116,"column":9}},{"start":{"line":114,"column":8},"end":{"line":116,"column":9}}],"line":114},"17":{"loc":{"start":{"line":126,"column":8},"end":{"line":128,"column":9}},"type":"if","locations":[{"start":{"line":126,"column":8},"end":{"line":128,"column":9}},{"start":{"line":126,"column":8},"end":{"line":128,"column":9}}],"line":126},"18":{"loc":{"start":{"line":139,"column":12},"end":{"line":141,"column":13}},"type":"if","locations":[{"start":{"line":139,"column":12},"end":{"line":141,"column":13}},{"start":{"line":139,"column":12},"end":{"line":141,"column":13}}],"line":139},"19":{"loc":{"start":{"line":142,"column":12},"end":{"line":160,"column":13}},"type":"switch","locations":[{"start":{"line":143,"column":16},"end":{"line":147,"column":17}},{"start":{"line":148,"column":16},"end":{"line":151,"column":17}},{"start":{"line":152,"column":16},"end":{"line":155,"column":17}},{"start":{"line":156,"column":16},"end":{"line":159,"column":17}}],"line":142},"20":{"loc":{"start":{"line":181,"column":4},"end":{"line":183,"column":5}},"type":"if","locations":[{"start":{"line":181,"column":4},"end":{"line":183,"column":5}},{"start":{"line":181,"column":4},"end":{"line":183,"column":5}}],"line":181},"21":{"loc":{"start":{"line":181,"column":8},"end":{"line":181,"column":79}},"type":"binary-expr","locations":[{"start":{"line":181,"column":8},"end":{"line":181,"column":43}},{"start":{"line":181,"column":47},"end":{"line":181,"column":79}}],"line":181},"22":{"loc":{"start":{"line":187,"column":8},"end":{"line":189,"column":9}},"type":"if","locations":[{"start":{"line":187,"column":8},"end":{"line":189,"column":9}},{"start":{"line":187,"column":8},"end":{"line":189,"column":9}}],"line":187},"23":{"loc":{"start":{"line":187,"column":12},"end":{"line":187,"column":74}},"type":"binary-expr","locations":[{"start":{"line":187,"column":12},"end":{"line":187,"column":44}},{"start":{"line":187,"column":48},"end":{"line":187,"column":74}}],"line":187},"24":{"loc":{"start":{"line":191,"column":8},"end":{"line":193,"column":9}},"type":"if","locations":[{"start":{"line":191,"column":8},"end":{"line":193,"column":9}},{"start":{"line":191,"column":8},"end":{"line":193,"column":9}}],"line":191},"25":{"loc":{"start":{"line":203,"column":16},"end":{"line":205,"column":17}},"type":"if","locations":[{"start":{"line":203,"column":16},"end":{"line":205,"column":17}},{"start":{"line":203,"column":16},"end":{"line":205,"column":17}}],"line":203},"26":{"loc":{"start":{"line":217,"column":8},"end":{"line":219,"column":9}},"type":"if","locations":[{"start":{"line":217,"column":8},"end":{"line":219,"column":9}},{"start":{"line":217,"column":8},"end":{"line":219,"column":9}}],"line":217},"27":{"loc":{"start":{"line":235,"column":8},"end":{"line":237,"column":9}},"type":"if","locations":[{"start":{"line":235,"column":8},"end":{"line":237,"column":9}},{"start":{"line":235,"column":8},"end":{"line":237,"column":9}}],"line":235},"28":{"loc":{"start":{"line":267,"column":8},"end":{"line":269,"column":9}},"type":"if","locations":[{"start":{"line":267,"column":8},"end":{"line":269,"column":9}},{"start":{"line":267,"column":8},"end":{"line":269,"column":9}}],"line":267}},"s":{"0":1,"1":1,"2":1,"3":1,"4":1,"5":1,"6":1,"7":6,"8":6,"9":6,"10":6,"11":0,"12":6,"13":6,"14":2,"15":4,"16":4,"17":4,"18":4,"19":296,"20":296,"21":4,"22":4,"23":4,"24":296,"25":4,"26":2,"27":2,"28":2,"29":2,"30":2,"31":2,"32":0,"33":1,"34":528696,"35":0,"36":528696,"37":180,"38":528516,"39":273524,"40":273524,"41":528396,"42":273524,"43":254992,"44":296,"45":296,"46":296,"47":296,"48":296,"49":296,"50":3256,"51":1776,"52":1480,"53":296,"54":1480,"55":296,"56":296,"57":1480,"58":296,"59":296,"60":0,"61":4,"62":0,"63":4,"64":4,"65":4,"66":596,"67":300,"68":296,"69":296,"70":296,"71":4,"72":4,"73":4,"74":4,"75":4,"76":4,"77":4,"78":4,"79":1456,"80":1456,"81":16016,"82":8736,"83":7280,"84":1456,"85":1456,"86":1456,"87":1456,"88":1456,"89":1456,"90":1456,"91":1456,"92":1456,"93":1456,"94":0,"95":176,"96":0,"97":176,"98":176,"99":176,"100":3088,"101":1632,"102":1456,"103":1456,"104":1456,"105":176,"106":1456,"107":1456,"108":1456,"109":1456,"110":1456,"111":1453,"112":6,"113":1453,"114":1453,"115":1453,"116":1453,"117":1453,"118":0,"119":0,"120":1447,"121":1447,"122":0,"123":1447,"124":1447,"125":1447,"126":6,"127":1,"128":296,"129":296,"130":296,"131":296,"132":296,"133":176,"134":176,"135":176,"136":296,"137":296,"138":1456,"139":296,"140":2,"141":1,"142":2,"143":728,"144":0,"145":728,"146":728,"147":728,"148":728,"149":728,"150":728,"151":728,"152":728,"153":728,"154":728,"155":728,"156":728,"157":728,"158":1},"f":{"0":6,"1":6,"2":4,"3":4,"4":2,"5":528696,"6":296,"7":4,"8":4,"9":1456,"10":176,"11":1456,"12":1456,"13":1453,"14":1453,"15":1453,"16":1447,"17":6,"18":296,"19":2,"20":2},"b":{"0":[0,6],"1":[2,4],"2":[2,0],"3":[0,528696],"4":[180,528516],"5":[528696,528696],"6":[273524,254992],"7":[528516,528516,273524,273524],"8":[1776,1480],"9":[296,1184],"10":[296,1184],"11":[296,1184],"12":[0,4],"13":[4,4],"14":[300,296],"15":[596,596],"16":[296,0],"17":[4,0],"18":[8736,7280],"19":[1456,1456,1456,1456],"20":[0,176],"21":[176,176],"22":[1632,1456],"23":[3088,3088],"24":[1456,0],"25":[6,1447],"26":[0,1447],"27":[176,0],"28":[0,728]},"_coverageSchema":"332fd63041d2c1bcb487cc26dd0d5f7d97098a6c","hash":"f76398c7a2f4230511ef1d3839bae784392b61cf","contentHash":"bbb46fe5e11aaf460a28be0a32079b51_11.3.0"},"/Users/LazyLinh/WebstormProjects/project_team222/src/controller/PerformQueryHelper.js":{"path":"/Users/LazyLinh/WebstormProjects/project_team222/src/controller/PerformQueryHelper.js","statementMap":{"0":{"start":{"line":2,"column":0},"end":{"line":2,"column":62}},"1":{"start":{"line":3,"column":25},"end":{"line":3,"column":52}},"2":{"start":{"line":4,"column":20},"end":{"line":4,"column":42}},"3":{"start":{"line":5,"column":0},"end":{"line":5,"column":27}},"4":{"start":{"line":
[...]
ine":107,"column":31}},"65":{"start":{"line":109,"column":4},"end":{"line":109,"column":17}}},"fnMap":{"0":{"name":"sortByOneThing","decl":{"start":{"line":3,"column":9},"end":{"line":3,"column":23}},"loc":{"start":{"line":3,"column":66},"end":{"line":26,"column":1}},"line":3},"1":{"name":"(anonymous_1)","decl":{"start":{"line":9,"column":25},"end":{"line":9,"column":26}},"loc":{"start":{"line":9,"column":35},"end":{"line":15,"column":9}},"line":9},"2":{"name":"(anonymous_2)","decl":{"start":{"line":18,"column":25},"end":{"line":18,"column":26}},"loc":{"start":{"line":18,"column":35},"end":{"line":24,"column":9}},"line":18},"3":{"name":"getComparison","decl":{"start":{"line":27,"column":9},"end":{"line":27,"column":22}},"loc":{"start":{"line":27,"column":52},"end":{"line":46,"column":1}},"line":27},"4":{"name":"(anonymous_4)","decl":{"start":{"line":33,"column":15},"end":{"line":33,"column":16}},"loc":{"start":{"line":33,"column":25},"end":{"line":37,"column":9}},"line":33},"5":{"name":"(anonymous_5)","decl":{"start":{"line":40,"column":15},"end":{"line":40,"column":16}},"loc":{"start":{"line":40,"column":25},"end":{"line":44,"column":9}},"line":40},"6":{"name":"sortResultHelper","decl":{"start":{"line":47,"column":9},"end":{"line":47,"column":25}},"loc":{"start":{"line":47,"column":52},"end":{"line":68,"column":1}},"line":47},"7":{"name":"mergeSort","decl":{"start":{"line":70,"column":9},"end":{"line":70,"column":18}},"loc":{"start":{"line":70,"column":28},"end":{"line":78,"column":1}},"line":70},"8":{"name":"merge","decl":{"start":{"line":79,"column":9},"end":{"line":79,"column":14}},"loc":{"start":{"line":79,"column":32},"end":{"line":96,"column":1}},"line":79},"9":{"name":"insertionSort","decl":{"start":{"line":97,"column":9},"end":{"line":97,"column":22}},"loc":{"start":{"line":97,"column":35},"end":{"line":110,"column":1}},"line":97}},"branchMap":{"0":{"loc":{"start":{"line":5,"column":4},"end":{"line":7,"column":5}},"type":"if","locations":[{"start":{"line":5,"column":4},"end":{"line":7,"column":5}},{"start":{"line":5,"column":4},"end":{"line":7,"column":5}}],"line":5},"1":{"loc":{"start":{"line":8,"column":4},"end":{"line":25,"column":5}},"type":"if","locations":[{"start":{"line":8,"column":4},"end":{"line":25,"column":5}},{"start":{"line":8,"column":4},"end":{"line":25,"column":5}}],"line":8},"2":{"loc":{"start":{"line":23,"column":19},"end":{"line":23,"column":61}},"type":"cond-expr","locations":[{"start":{"line":23,"column":33},"end":{"line":23,"column":46}},{"start":{"line":23,"column":49},"end":{"line":23,"column":61}}],"line":23},"3":{"loc":{"start":{"line":29,"column":4},"end":{"line":31,"column":5}},"type":"if","locations":[{"start":{"line":29,"column":4},"end":{"line":31,"column":5}},{"start":{"line":29,"column":4},"end":{"line":31,"column":5}}],"line":29},"4":{"loc":{"start":{"line":32,"column":4},"end":{"line":45,"column":5}},"type":"if","locations":[{"start":{"line":32,"column":4},"end":{"line":45,"column":5}},{"start":{"line":32,"column":4},"end":{"line":45,"column":5}}],"line":32},"5":{"loc":{"start":{"line":43,"column":19},"end":{"line":43,"column":61}},"type":"cond-expr","locations":[{"start":{"line":43,"column":33},"end":{"line":43,"column":46}},{"start":{"line":43,"column":49},"end":{"line":43,"column":61}}],"line":43},"6":{"loc":{"start":{"line":54,"column":8},"end":{"line":64,"column":9}},"type":"if","locations":[{"start":{"line":54,"column":8},"end":{"line":64,"column":9}},{"start":{"line":54,"column":8},"end":{"line":64,"column":9}}],"line":54},"7":{"loc":{"start":{"line":55,"column":12},"end":{"line":60,"column":13}},"type":"if","locations":[{"start":{"line":55,"column":12},"end":{"line":60,"column":13}},{"start":{"line":55,"column":12},"end":{"line":60,"column":13}}],"line":55},"8":{"loc":{"start":{"line":71,"column":4},"end":{"line":73,"column":5}},"type":"if","locations":[{"start":{"line":71,"column":4},"end":{"line":73,"column":5}},{"start":{"line":71,"column":4},"end":{"line":73,"column":5}}],"line":71},"9":{"loc":{"start":{"line":81,"column":11},"end":{"line":81,"column":38}},"type":"binary-expr","locations":[{"start":{"line":81,"column":11},"end":{"line":81,"column":22}},{"start":{"line":81,"column":26},"end":{"line":81,"column":38}}],"line":81},"10":{"loc":{"start":{"line":82,"column":8},"end":{"line":87,"column":9}},"type":"if","locations":[{"start":{"line":82,"column":8},"end":{"line":87,"column":9}},{"start":{"line":82,"column":8},"end":{"line":87,"column":9}}],"line":82},"11":{"loc":{"start":{"line":103,"column":15},"end":{"line":103,"column":51}},"type":"binary-expr","locations":[{"start":{"line":103,"column":15},"end":{"line":103,"column":21}},{"start":{"line":103,"column":25},"end":{"line":103,"column":51}}],"line":103}},"s":{"0":1,"1":0,"2":0,"3":0,"4":0,"5":0,"6":0,"7":0,"8":0,"9":0,"10":0,"11":0,"12":0,"13":0,"14":0,"15":0,"16":0,"17":31,"18":31,"19":15,"20":31,"21":13,"22":242,"23":242,"24":242,"25":18,"26":485,"27":485,"28":485,"29":16,"30":16,"31":31,"32":16,"33":16,"34":31,"35":9,"36":3,"37":6,"38":22,"39":31,"40":16,"41":1,"42":621,"43":326,"44":295,"45":295,"46":295,"47":295,"48":295,"49":295,"50":727,"51":378,"52":349,"53":295,"54":218,"55":295,"56":372,"57":295,"58":0,"59":0,"60":0,"61":0,"62":0,"63":0,"64":0,"65":0},"f":{"0":0,"1":0,"2":0,"3":31,"4":242,"5":485,"6":16,"7":621,"8":295,"9":0},"b":{"0":[0,0],"1":[0,0],"2":[0,0],"3":[15,16],"4":[13,18],"5":[190,295],"6":[9,22],"7":[3,6],"8":[326,295],"9":[1022,844],"10":[378,349],"11":[0,0]},"_coverageSchema":"332fd63041d2c1bcb487cc26dd0d5f7d97098a6c","hash":"ca45d08792bbfa596b33e61924bfc7ecf97fe4b6","contentHash":"575118f411933a1f970a0761ec7ba75e_11.3.0"},"/Users/LazyLinh/WebstormProjects/project_team222/src/rest/Server.js":{"path":"/Users/LazyLinh/WebstormProjects/project_team222/src/rest/Server.js","statementMap":{"0":{"start":{"line":2,"column":0},"end":{"line":2,"column":62}},"1":{"start":{"line":3,"column":11},"end":{"line":3,"column":24}},"2":{"start":{"line":4,"column":16},"end":{"line":4,"column":34}},"3":{"start":{"line":5,"column":15},"end":{"line":5,"column":33}},"4":{"start":{"line":6,"column":24},"end":{"line":6,"column":62}},"5":{"start":{"line":7,"column":25},"end":{"line":7,"column":64}},"6":{"start":{"line":10,"column":8},"end":{"line":10,"column":62}},"7":{"start":{"line":11,"column":8},"end":{"line":11,"column":25}},"8":{"start":{"line":14,"column":8},"end":{"line":14,"column":47}},"9":{"start":{"line":15,"column":21},"end":{"line":15,"column":25}},"10":{"start":{"line":16,"column":8},"end":{"line":20,"column":11}},"11":{"start":{"line":17,"column":12},"end":{"line":19,"column":15}},"12":{"start":{"line":18,"column":16},"end":{"line":18,"column":30}},"13":{"start":{"line":23,"column":21},"end":{"line":23,"column":25}},"14":{"start":{"line":24,"column":8},"end":{"line":55,"column":11}},"15":{"start":{"line":25,"column":12},"end":{"line":54,"column":13}},"16":{"start":{"line":26,"column":16},"end":{"line":26,"column":63}},"17":{"start":{"line":27,"column":16},"end":{"line":29,"column":19}},"18":{"start":{"line":30,"column":16},"end":{"line":30,"column":87}},"19":{"start":{"line":31,"column":16},"end":{"line":35,"column":19}},"20":{"start":{"line":32,"column":20},"end":{"line":32,"column":67}},"21":{"start":{"line":33,"column":20},"end":{"line":33,"column":83}},"22":{"start":{"line":34,"column":20},"end":{"line":34,"column":34}},"23":{"start":{"line":36,"column":16},"end":{"line":36,"column":57}},"24":{"start":{"line":37,"column":16},"end":{"line":37,"column":72}},"25":{"start":{"line":38,"column":16},"end":{"line":38,"column":66}},"26":{"start":{"line":39,"column":16},"end":{"line":39,"column":63}},"27":{"start":{"line":40,"column":16},"end":{"line":40,"column":59}},"28":{"start":{"line":41,"column":16},"end":{"line":41,"column":55}},"29":{"start":{"line":42,"column":16},"end":{"line":45,"column":19}},"30":{"start":{"line":43,"column":20},"end":{"line":43,"column":97}},"31":{"start":{"line":44,"column":20},"end":{"line":44,"column":34}},"32":{"start":{"line":46,"column":16},"end":{"line":49,"column":19}},"33":{"start":{"line":47,"column":20},"end":{"line":47,"column":83}},"34":{"start":{"line":48,"column":20},"end":{"line":48,"column":32}},"35":{"start":{"line":52,"column":16},"end":{"line":52,"column":72}},"36":{"start":{"line":53,"column":16},"end":{"line":53,"column":28}},"37":{"start":{"line":58,"column":8},"end":{"line":58,"column":89}},"38":{"start":{"line":59,"column":8},"end":{"line":67,"column":9}},"39":{"start":{"line":60,"column":29},"end":{"line":60,"column":63}},"40":{"start":{"line":61,"column":12},"end":{"line":61,"column":72}},"41":{"start":{"line":62,"column":12},"end":{"line":62,"column":48}},"42":{"start":{"line":65,"column":12},"end":{"line":65,"column":70}},"43":{"start":{"line":66,"column":12},"end":{"line":66,"column":42}},"44":{"start":{"line":68,"column":8},"end":{"line":68,"column":22}},"45":{"start":{"line":71,"column":8},"end":{"line":76,"column":9}},"46":{"start":{"line":72,"column":12},"end":{"line":72,"column":37}},"47":{"start":{"line":75,"column":12},"end":{"line":75,"column":42}},"48":{"start":{"line":79,"column":26},"end":{"line":79,"column":44}},"49":{"start":{"line":80,"column":8},"end":{"line":80,"column":67}},"50":{"start":{"line":81,"column":19},"end":{"line":81,"column":43}},"51":{"start":{"line":82,"column":8},"end":{"line":84,"column":9}},"52":{"start":{"line":83,"column":12},"end":{"line":83,"column":56}},"53":{"start":{"line":85,"column":8},"end":{"line":94,"column":11}},"54":{"start":{"line":86,"column":12},"end":{"line":90,"column":13}},"55":{"start":{"line":87,"column":16},"end":{"line":87,"column":30}},"56":{"start":{"line":88,"column":16},"end":{"line":88,"column":58}},"57":{"start":{"line":89,"column":16},"end":{"line":89,"column":30}},"58":{"start":{"line":91,"column":12},"end":{"line":91,"column":28}},"59":{"start":{"line":92,"column":12},"end":{"line":92,"column":22}},"60":{"start":{"line":93,"column":12},"end":{"line":93,"column":26}},"61":{"start":{"line":97,"column":8},"end":{"line":97,"column":67}},"62":{"start":{"line":98,"column":8},"end":{"line":107,"column":9}},"63":{"start":{"line":99,"column":12},"end":{"line":102,"column":15}},"64":{"start":{"line":100,"column":16},"end":{"line":100,"column":83}},"65":{"start":{"line":101,"column":16},"end":{"line":101,"column":47}},"66":{"start":{"line":105,"column":12},"end":{"line":105,"column":83}},"67":{"start":{"line":106,"column":12},"end":{"line":106,"column":42}},"68":{"start":{"line":108,"column":8},"end":{"line":108,"column":22}},"69":{"start":{"line":111,"column":8},"end":{"line":111,"column":95}},"70":{"start":{"line":112,"column":8},"end":{"line":124,"column":9}},"71":{"start":{"line":113,"column":12},"end":{"line":119,"column":15}},"72":{"start":{"line":114,"column":16},"end":{"line":114,"column":82}},"73":{"start":{"line":115,"column":16},"end":{"line":115,"column":50}},"74":{"start":{"line":117,"column":16},"end":{"line":117,"column":80}},"75":{"start":{"line":118,"column":16},"end":{"line":118,"column":57}},"76":{"start":{"line":122,"column":12},"end":{"line":122,"column":62}},"77":{"start":{"line":123,"column":12},"end":{"line":123,"column":53}},"78":{"start":{"line":125,"column":8},"end":{"line":125,"column":22}},"79":{"start":{"line":128,"column":8},"end":{"line":128,"column":97}},"80":{"start":{"line":129,"column":8},"end":{"line":141,"column":9}},"81":{"start":{"line":130,"column":12},"end":{"line":136,"column":15}},"82":{"start":{"line":131,"column":16},"end":{"line":131,"column":80}},"83":{"start":{"line":132,"column":16},"end":{"line":132,"column":52}},"84":{"start":{"line":134,"column":16},"end":{"line":134,"column":78}},"85":{"start":{"line":135,"column":16},"end":{"line":135,"column":57}},"86":{"start":{"line":139,"column":12},"end":{"line":139,"column":60}},"87":{"start":{"line":140,"column":12},"end":{"line":140,"column":53}},"88":{"start":{"line":142,"column":8},"end":{"line":142,"column":22}},"89":{"start":{"line":145,"column":8},"end":{"line":145,"column":98}},"90":{"start":{"line":146,"column":8},"end":{"line":164,"column":9}},"91":{"start":{"line":147,"column":12},"end":{"line":159,"column":15}},"92":{"start":{"line":148,"column":16},"end":{"line":148,"column":85}},"93":{"start":{"line":149,"column":16},"end":{"line":149,"column":49}},"94":{"start":{"line":151,"column":16},"end":{"line":158,"column":17}},"95":{"start":{"line":152,"column":20},"end":{"line":152,"column":87}},"96":{"start":{"line":153,"column":20},"end":{"line":153,"column":61}},"97":{"start":{"line":155,"column":21},"end":{"line":158,"column":17}},"98":{"start":{"line":156,"column":20},"end":{"line":156,"column":87}},"99":{"start":{"line":157,"column":20},"end":{"line":157,"column":61}},"100":{"start":{"line":162,"column":12},"end":{"line":162,"column":65}},"101":{"start":{"line":163,"column":12},"end":{"line":163,"column":53}},"102":{"start":{"line":165,"column":8},"end":{"line":165,"column":22}},"103":{"start":{"line":168,"column":0},"end":{"line":168,"column":25}}},"fnMap":{"0":{"name":"(anonymous_0)","decl":{"start":{"line":9,"column":4},"end":{"line":9,"column":5}},"loc":{"start":{"line":9,"column":22},"end":{"line":12,"column":5}},"line":9},"1":{"name":"(anonymous_1)","decl":{"start":{"line":13,"column":4},"end":{"line":13,"column":5}},"loc":{"start":{"line":13,"column":11},"end":{"line":21,"column":5}},"line":13},"2":{"name":"(anonymous_2)","decl":{"start":{"line":16,"column":27},"end":{"line":16,"column":28}},"loc":{"start":{"line":16,"column":46},"end":{"line":20,"column":9}},"line":16},"3":{"name":"(anonymous_3)","decl":{"start":{"line":17,"column":28},"end":{"line":17,"column":29}},"loc":{"start":{"line":17,"column":40},"end":{"line":19,"column":13}},"line":17},"4":{"name":"(anonymous_4)","decl":{"start":{"line":22,"column":4},"end":{"line":22,"column":5}},"loc":{"start":{"line":22,"column":12},"end":{"line":56,"column":5}},"line":22},"5":{"name":"(anonymous_5)","decl":{"start":{"line":24,"column":27},"end":{"line":24,"column":28}},"loc":{"start":{"line":24,"column":54},"end":{"line":55,"column":9}},"line":24},"6":{"name":"crossOrigin","decl":{"start":{"line":31,"column":39},"end":{"line":31,"column":50}},"loc":{"start":{"line":31,"column":67},"end":{"line":35,"column":17}},"line":31},"7":{"name":"(anonymous_7)","decl":{"start":{"line":42,"column":44},"end":{"line":42,"column":45}},"loc":{"start":{"line":42,"column":56},"end":{"line":45,"column":17}},"line":42},"8":{"name":"(anonymous_8)","decl":{"start":{"line":46,"column":38},"end":{"line":46,"column":39}},"loc":{"start":{"line":46,"column":53},"end":{"line":49,"column":17}},"line":46},"9":{"name":"(anonymous_9)","decl":{"start":{"line":57,"column":4},"end":{"line":57,"column":5}},"loc":{"start":{"line":57,"column":32},"end":{"line":69,"column":5}},"line":57},"10":{"name":"(anonymous_10)","decl":{"start":{"line":70,"column":4},"end":{"line":70,"column":5}},"loc":{"start":{"line":70,"column":28},"end":{"line":77,"column":5}},"line":70},"11":{"name":"(anonymous_11)","decl":{"start":{"line":78,"column":4},"end":{"line":78,"column":5}},"loc":{"start":{"line":78,"column":37},"end":{"line":95,"column":5}},"line":78},"12":{"name":"(anonymous_12)","decl":{"start":{"line":85,"column":26},"end":{"line":85,"column":27}},"loc":{"start":{"line":85,"column":47},"end":{"line":94,"column":9}},"line":85},"13":{"name":"(anonymous_13)","decl":{"start":{"line":96,"column":4},"end":{"line":96,"column":5}},"loc":{"start":{"line":96,"column":39},"end":{"line":109,"column":5}},"line":96},"14":{"name":"(anonymous_14)","decl":{"start":{"line":99,"column":70},"end":{"line":99,"column":71}},"loc":{"start":{"line":99,"column":79},"end":{"line":102,"column":13}},"line":99},"15":{"name":"(anonymous_15)","decl":{"start":{"line":110,"column":4},"end":{"line":110,"column":5}},"loc":{"start":{"line":110,"column":39},"end":{"line":126,"column":5}},"line":110},"16":{"name":"(anonymous_16)","decl":{"start":{"line":113,"column":127},"end":{"line":113,"column":128}},"loc":{"start":{"line":113,"column":139},"end":{"line":116,"column":13}},"line":113},"17":{"name":"(anonymous_17)","decl":{"start":{"line":116,"column":21},"end":{"line":116,"column":22}},"loc":{"start":{"line":116,"column":30},"end":{"line":119,"column":13}},"line":116},"18":{"name":"(anonymous_18)","decl":{"start":{"line":127,"column":4},"end":{"line":127,"column":5}},"loc":{"start":{"line":127,"column":37},"end":{"line":143,"column":5}},"line":127},"19":{"name":"(anonymous_19)","decl":{"start":{"line":130,"column":99},"end":{"line":130,"column":100}},"loc":{"start":{"line":130,"column":113},"end":{"line":133,"column":13}},"line":130},"20":{"name":"(anonymous_20)","decl":{"start":{"line":133,"column":21},"end":{"line":133,"column":22}},"loc":{"start":{"line":133,"column":30},"end":{"line":136,"column":13}},"line":133},"21":{"name":"(anonymous_21)","decl":{"start":{"line":144,"column":4},"end":{"line":144,"column":5}},"loc":{"start":{"line":144,"column":39},"end":{"line":166,"column":5}},"line":144},"22":{"name":"(anonymous_22)","decl":{"start":{"line":147,"column":84},"end":{"line":147,"column":85}},"loc":{"start":{"line":147,"column":95},"end":{"line":150,"column":13}},"line":147},"23":{"name":"(anonymous_23)","decl":{"start":{"line":150,"column":21},"end":{"line":150,"column":22}},"loc":{"start":{"line":150,"column":30},"end":{"line":159,"column":13}},"line":150}},"branchMap":{"0":{"loc":{"start":{"line":71,"column":8},"end":{"line":76,"column":9}},"type":"if","locations":[{"start":{"line":71,"column":8},"end":{"line":76,"column":9}},{"start":{"line":71,"column":8},"end":{"line":76,"column":9}}],"line":71},"1":{"loc":{"start":{"line":71,"column":12},"end":{"line":71,"column":54}},"type":"binary-expr","locations":[{"start":{"line":71,"column":12},"end":{"line":71,"column":38}},{"start":{"line":71,"column":42},"end":{"line":71,"column":54}}],"line":71},"2":{"loc":{"start":{"line":82,"column":8},"end":{"line":84,"column":9}},"type":"if","locations":[{"start":{"line":82,"column":8},"end":{"line":84,"column":9}},{"start":{"line":82,"column":8},"end":{"line":84,"column":9}}],"line":82},"3":{"loc":{"start":{"line":86,"column":12},"end":{"line":90,"column":13}},"type":"if","locations":[{"start":{"line":86,"column":12},"end":{"line":90,"column":13}},{"start":{"line":86,"column":12},"end":{"line":90,"column":13}}],"line":86},"4":{"loc":{"start":{"line":151,"column":16},"end":{"line":158,"column":17}},"type":"if","locations":[{"start":{"line":151,"column":16},"end":{"line":158,"column":17}},{"start":{"line":151,"column":16},"end":{"line":158,"column":17}}],"line":151},"5":{"loc":{"start":{"line":155,"column":21},"end":{"line":158,"column":17}},"type":"if","locations":[{"start":{"line":155,"column":21},"end":{"line":158,"column":17}},{"start":{"line":155,"column":21},"end":{"line":158,"column":17}}],"line":155}},"s":{"0":1,"1":1,"2":1,"3":1,"4":1,"5":1,"6":1,"7":1,"8":1,"9":1,"10":1,"11":1,"12":1,"13":1,"14":1,"15":1,"16":1,"17":1,"18":1,"19":1,"20":5,"21":5,"22":5,"23":1,"24":1,"25":1,"26":1,"27":1,"28":1,"29":1,"30":1,"31":1,"32":1,"33":0,"34":0,"35":0,"36":0,"37":0,"38":0,"39":0,"40":0,"41":0,"42":0,"43":0,"44":0,"45":0,"46":0,"47":0,"48":0,"49":0,"50":0,"51":0,"52":0,"53":0,"54":0,"55":0,"56":0,"57":0,"58":0,"59":0,"60":0,"61":2,"62":2,"63":2,"64":2,"65":2,"66":0,"67":0,"68":2,"69":2,"70":2,"71":2,"72":1,"73":1,"74":1,"75":1,"76":0,"77":0,"78":2,"79":0,"80":0,"81":0,"82":0,"83":0,"84":0,"85":0,"86":0,"87":0,"88":0,"89":1,"90":1,"91":1,"92":1,"93":1,"94":0,"95":0,"96":0,"97":0,"98":0,"99":0,"100":0,"101":0,"102":1,"103":1},"f":{"0":1,"1":1,"2":1,"3":1,"4":1,"5":1,"6":5,"7":1,"8":0,"9":0,"10":0,"11":0,"12":0,"13":2,"14":2,"15":2,"16":1,"17":1,"18":0,"19":0,"20":0,"21":1,"22":1,"23":0},"b":{"0":[0,0],"1":[0,0],"2":[0,0],"3":[0,0],"4":[0,0],"5":[0,0]},"_coverageSchema":"332fd63041d2c1bcb487cc26dd0d5f7d97098a6c","hash":"42644cc2a774694523545a9fff0a57f5340af923","contentHash":"52fdf77747e856af4f0bdfaf0c83904c_11.3.0"}}